Determining if files ;winldap.h exist failed with the following output:
Change Dir: D:/Projets/racedriver/old_driver/curl/CMakeFiles/CMakeTmp

Run Build Command:"D:/mingw-w64/bin/mingw32-make.exe" "cmTC_333ca/fast"
D:/mingw-w64/bin/mingw32-make.exe -f CMakeFiles\cmTC_333ca.dir\build.make CMakeFiles/cmTC_333ca.dir/build
mingw32-make.exe[1]: Entering directory 'D:/Projets/racedriver/old_driver/curl/CMakeFiles/CMakeTmp'
Building C object CMakeFiles/cmTC_333ca.dir/CheckIncludeFiles.c.obj
D:\mingw-w64\bin\gcc.exe -D_WINSOCKAPI_=""  -pedantic -Wall -W -Wpointer-arith -Wwrite-strings -Wunused -Wshadow -Winline -Wnested-externs -Wmissing-declarations -Wmissing-prototypes -Wno-long-long -Wfloat-equal -Wno-multichar -Wsign-compare -Wundef -Wno-format-nonliteral -Wendif-labels -Wstrict-prototypes -Wdeclaration-after-statement -Wstrict-aliasing=3 -Wcast-align -Wtype-limits -Wold-style-declaration -Wmissing-parameter-type -Wempty-body -Wclobbered -Wignored-qualifiers -Wconversion -Wno-sign-conversion -Wvla -Wdouble-promotion -Wno-system-headers    -o CMakeFiles\cmTC_333ca.dir\CheckIncludeFiles.c.obj   -c D:\Projets\racedriver\old_driver\curl\CMakeFiles\CMakeTmp\CheckIncludeFiles.c
In file included from D:/mingw-w64/i686-w64-mingw32/include/schannel.h:10:0,
                 from D:/mingw-w64/i686-w64-mingw32/include/schnlsp.h:9,
                 from D:/mingw-w64/i686-w64-mingw32/include/winldap.h:17,
                 from D:\Projets\racedriver\old_driver\curl\CMakeFiles\CMakeTmp\CheckIncludeFiles.c:2:
D:/mingw-w64/i686-w64-mingw32/include/wincrypt.h:4728:254: error: unknown type name 'PSYSTEMTIME'; did you mean 'PFILETIME'?
   WINIMPM PCCERT_CONTEXT WINAPI CertCreateSelfSignCertificate (HCRYPTPROV_OR_NCRYPT_KEY_HANDLE hCryptProvOrNCryptKey, PCERT_NAME_BLOB pSubjectIssuerBlob, DWORD dwFlags, PCRYPT_KEY_PROV_INFO pKeyProvInfo, PCRYPT_ALGORITHM_IDENTIFIER pSignatureAlgorithm, PSYSTEMTIME pStartTime, PSYSTEMTIME pEndTime, PCERT_EXTENSIONS pExtensions);
                                                                                                                                                                                                                                                              ^~~~~~~~~~~
                                                                                                                                                                                                                                                              PFILETIME
D:/mingw-w64/i686-w64-mingw32/include/wincrypt.h:4728:278: error: unknown type name 'PSYSTEMTIME'; did you mean 'PFILETIME'?
   WINIMPM PCCERT_CONTEXT WINAPI CertCreateSelfSignCertificate (HCRYPTPROV_OR_NCRYPT_KEY_HANDLE hCryptProvOrNCryptKey, PCERT_NAME_BLOB pSubjectIssuerBlob, DWORD dwFlags, PCRYPT_KEY_PROV_INFO pKeyProvInfo, PCRYPT_ALGORITHM_IDENTIFIER pSignatureAlgorithm, PSYSTEMTIME pStartTime, PSYSTEMTIME pEndTime, PCERT_EXTENSIONS pExtensions);
                                                                                                                                                                                                                                                                                      ^~~~~~~~~~~
                                                                                                                                                                                                                                                                                      PFILETIME
mingw32-make.exe[1]: *** [CMakeFiles\cmTC_333ca.dir\build.make:65: CMakeFiles/cmTC_333ca.dir/CheckIncludeFiles.c.obj] Error 1
mingw32-make.exe[1]: Leaving directory 'D:/Projets/racedriver/old_driver/curl/CMakeFiles/CMakeTmp'
mingw32-make.exe: *** [Makefile:125: cmTC_333ca/fast] Error 2

Source:
/* */
#include <winldap.h>


int main(void){return 0;}

Determining if files ;winber.h exist failed with the following output:
Change Dir: D:/Projets/racedriver/old_driver/curl/CMakeFiles/CMakeTmp

Run Build Command:"D:/mingw-w64/bin/mingw32-make.exe" "cmTC_e513c/fast"
D:/mingw-w64/bin/mingw32-make.exe -f CMakeFiles\cmTC_e513c.dir\build.make CMakeFiles/cmTC_e513c.dir/build
mingw32-make.exe[1]: Entering directory 'D:/Projets/racedriver/old_driver/curl/CMakeFiles/CMakeTmp'
Building C object CMakeFiles/cmTC_e513c.dir/CheckIncludeFiles.c.obj
D:\mingw-w64\bin\gcc.exe -D_WINSOCKAPI_=""  -pedantic -Wall -W -Wpointer-arith -Wwrite-strings -Wunused -Wshadow -Winline -Wnested-externs -Wmissing-declarations -Wmissing-prototypes -Wno-long-long -Wfloat-equal -Wno-multichar -Wsign-compare -Wundef -Wno-format-nonliteral -Wendif-labels -Wstrict-prototypes -Wdeclaration-after-statement -Wstrict-aliasing=3 -Wcast-align -Wtype-limits -Wold-style-declaration -Wmissing-parameter-type -Wempty-body -Wclobbered -Wignored-qualifiers -Wconversion -Wno-sign-conversion -Wvla -Wdouble-promotion -Wno-system-headers    -o CMakeFiles\cmTC_e513c.dir\CheckIncludeFiles.c.obj   -c D:\Projets\racedriver\old_driver\curl\CMakeFiles\CMakeTmp\CheckIncludeFiles.c
In file included from D:\Projets\racedriver\old_driver\curl\CMakeFiles\CMakeTmp\CheckIncludeFiles.c:2:0:
D:/mingw-w64/i686-w64-mingw32/include/winber.h:36:3: error: unknown type name 'DECLSPEC_IMPORT'
   WINBERAPI BerElement *BERAPI ber_init (BERVAL *pBerVal);
   ^
D:/mingw-w64/i686-w64-mingw32/include/winber.h:36:24: error: expected '=', ',', ';', 'asm' or '__attribute__' before '*' token
   WINBERAPI BerElement *BERAPI ber_init (BERVAL *pBerVal);
                        ^
D:/mingw-w64/i686-w64-mingw32/include/winber.h:37:3: error: unknown type name 'DECLSPEC_IMPORT'
   WINBERAPI VOID BERAPI ber_free (BerElement *pBerElement, INT fbuf);
   ^
D:/mingw-w64/i686-w64-mingw32/include/winber.h:37:25: error: expected ',' or ';' before 'ber_free'
   WINBERAPI VOID BERAPI ber_free (BerElement *pBerElement, INT fbuf);
                         ^~~~~~~~
D:/mingw-w64/i686-w64-mingw32/include/winber.h:38:3: error: unknown type name 'DECLSPEC_IMPORT'
   WINBERAPI VOID BERAPI ber_bvfree (BERVAL *pBerVal);
   ^
D:/mingw-w64/i686-w64-mingw32/include/winber.h:38:25: error: expected ',' or ';' before 'ber_bvfree'
   WINBERAPI VOID BERAPI ber_bvfree (BERVAL *pBerVal);
                         ^~~~~~~~~~
D:/mingw-w64/i686-w64-mingw32/include/winber.h:39:3: error: unknown type name 'DECLSPEC_IMPORT'
   WINBERAPI VOID BERAPI ber_bvecfree (PBERVAL *pBerVal);
   ^
D:/mingw-w64/i686-w64-mingw32/include/winber.h:39:25: error: expected ',' or ';' before 'ber_bvecfree'
   WINBERAPI VOID BERAPI ber_bvecfree (PBERVAL *pBerVal);
                         ^~~~~~~~~~~~
D:/mingw-w64/i686-w64-mingw32/include/winber.h:40:3: error: unknown type name 'DECLSPEC_IMPORT'
   WINBERAPI BERVAL *BERAPI ber_bvdup (BERVAL *pBerVal);
   ^
D:/mingw-w64/i686-w64-mingw32/include/winber.h:40:20: error: expected '=', ',', ';', 'asm' or '__attribute__' before '*' token
   WINBERAPI BERVAL *BERAPI ber_bvdup (BERVAL *pBerVal);
                    ^
D:/mingw-w64/i686-w64-mingw32/include/winber.h:41:3: error: unknown type name 'DECLSPEC_IMPORT'
   WINBERAPI BerElement *BERAPI ber_alloc_t (INT options);
   ^
D:/mingw-w64/i686-w64-mingw32/include/winber.h:41:24: error: expected '=', ',', ';', 'asm' or '__attribute__' before '*' token
   WINBERAPI BerElement *BERAPI ber_alloc_t (INT options);
                        ^
D:/mingw-w64/i686-w64-mingw32/include/winber.h:42:3: error: unknown type name 'DECLSPEC_IMPORT'
   WINBERAPI ULONG BERAPI ber_skip_tag (BerElement *pBerElement, ULONG *pLen);
   ^
D:/mingw-w64/i686-w64-mingw32/include/winber.h:42:26: error: expected ',' or ';' before 'ber_skip_tag'
   WINBERAPI ULONG BERAPI ber_skip_tag (BerElement *pBerElement, ULONG *pLen);
                          ^~~~~~~~~~~~
D:/mingw-w64/i686-w64-mingw32/include/winber.h:43:3: error: unknown type name 'DECLSPEC_IMPORT'
   WINBERAPI ULONG BERAPI ber_peek_tag (BerElement *pBerElement, ULONG *pLen);
   ^
D:/mingw-w64/i686-w64-mingw32/include/winber.h:43:26: error: expected ',' or ';' before 'ber_peek_tag'
   WINBERAPI ULONG BERAPI ber_peek_tag (BerElement *pBerElement, ULONG *pLen);
                          ^~~~~~~~~~~~
D:/mingw-w64/i686-w64-mingw32/include/winber.h:44:3: error: unknown type name 'DECLSPEC_IMPORT'
   WINBERAPI ULONG BERAPI ber_first_element (BerElement *pBerElement, ULONG *pLen, CHAR **ppOpaque);
   ^
D:/mingw-w64/i686-w64-mingw32/include/winber.h:44:26: error: expected ',' or ';' before 'ber_first_element'
   WINBERAPI ULONG BERAPI ber_first_element (BerElement *pBerElement, ULONG *pLen, CHAR **ppOpaque);
                          ^~~~~~~~~~~~~~~~~
D:/mingw-w64/i686-w64-mingw32/include/winber.h:45:3: error: unknown type name 'DECLSPEC_IMPORT'
   WINBERAPI ULONG BERAPI ber_next_element (BerElement *pBerElement, ULONG *pLen, CHAR *opaque);
   ^
D:/mingw-w64/i686-w64-mingw32/include/winber.h:45:26: error: expected ',' or ';' before 'ber_next_element'
   WINBERAPI ULONG BERAPI ber_next_element (BerElement *pBerElement, ULONG *pLen, CHAR *opaque);
                          ^~~~~~~~~~~~~~~~
D:/mingw-w64/i686-w64-mingw32/include/winber.h:46:3: error: unknown type name 'DECLSPEC_IMPORT'
   WINBERAPI INT BERAPI ber_flatten (BerElement *pBerElement, PBERVAL *pBerVal);
   ^
D:/mingw-w64/i686-w64-mingw32/include/winber.h:46:24: error: expected ',' or ';' before 'ber_flatten'
   WINBERAPI INT BERAPI ber_flatten (BerElement *pBerElement, PBERVAL *pBerVal);
                        ^~~~~~~~~~~
D:/mingw-w64/i686-w64-mingw32/include/winber.h:47:3: error: unknown type name 'DECLSPEC_IMPORT'
   WINBERAPI INT BERAPI ber_printf (BerElement *pBerElement, PSTR fmt,...);
   ^
D:/mingw-w64/i686-w64-mingw32/include/winber.h:47:24: error: expected ',' or ';' before 'ber_printf'
   WINBERAPI INT BERAPI ber_printf (BerElement *pBerElement, PSTR fmt,...);
                        ^~~~~~~~~~
D:/mingw-w64/i686-w64-mingw32/include/winber.h:48:3: error: unknown type name 'DECLSPEC_IMPORT'
   WINBERAPI ULONG BERAPI ber_scanf (BerElement *pBerElement, PSTR fmt,...);
   ^
D:/mingw-w64/i686-w64-mingw32/include/winber.h:48:26: error: expected ',' or ';' before 'ber_scanf'
   WINBERAPI ULONG BERAPI ber_scanf (BerElement *pBerElement, PSTR fmt,...);
                          ^~~~~~~~~
mingw32-make.exe[1]: *** [CMakeFiles\cmTC_e513c.dir\build.make:65: CMakeFiles/cmTC_e513c.dir/CheckIncludeFiles.c.obj] Error 1
mingw32-make.exe[1]: Leaving directory 'D:/Projets/racedriver/old_driver/curl/CMakeFiles/CMakeTmp'
mingw32-make.exe: *** [Makefile:125: cmTC_e513c/fast] Error 2

Source:
/* */
#include <winber.h>


int main(void){return 0;}

Determining if files ;ldap_ssl.h exist failed with the following output:
Change Dir: D:/Projets/racedriver/old_driver/curl/CMakeFiles/CMakeTmp

Run Build Command:"D:/mingw-w64/bin/mingw32-make.exe" "cmTC_b4692/fast"
D:/mingw-w64/bin/mingw32-make.exe -f CMakeFiles\cmTC_b4692.dir\build.make CMakeFiles/cmTC_b4692.dir/build
mingw32-make.exe[1]: Entering directory 'D:/Projets/racedriver/old_driver/curl/CMakeFiles/CMakeTmp'
Building C object CMakeFiles/cmTC_b4692.dir/CheckIncludeFiles.c.obj
D:\mingw-w64\bin\gcc.exe -D_WINSOCKAPI_=""  -pedantic -Wall -W -Wpointer-arith -Wwrite-strings -Wunused -Wshadow -Winline -Wnested-externs -Wmissing-declarations -Wmissing-prototypes -Wno-long-long -Wfloat-equal -Wno-multichar -Wsign-compare -Wundef -Wno-format-nonliteral -Wendif-labels -Wstrict-prototypes -Wdeclaration-after-statement -Wstrict-aliasing=3 -Wcast-align -Wtype-limits -Wold-style-declaration -Wmissing-parameter-type -Wempty-body -Wclobbered -Wignored-qualifiers -Wconversion -Wno-sign-conversion -Wvla -Wdouble-promotion -Wno-system-headers    -o CMakeFiles\cmTC_b4692.dir\CheckIncludeFiles.c.obj   -c D:\Projets\racedriver\old_driver\curl\CMakeFiles\CMakeTmp\CheckIncludeFiles.c
D:\Projets\racedriver\old_driver\curl\CMakeFiles\CMakeTmp\CheckIncludeFiles.c:2:10: fatal error: ldap_ssl.h: No such file or directory
 #include <ldap_ssl.h>
          ^~~~~~~~~~~~
compilation terminated.
mingw32-make.exe[1]: *** [CMakeFiles\cmTC_b4692.dir\build.make:65: CMakeFiles/cmTC_b4692.dir/CheckIncludeFiles.c.obj] Error 1
mingw32-make.exe[1]: Leaving directory 'D:/Projets/racedriver/old_driver/curl/CMakeFiles/CMakeTmp'
mingw32-make.exe: *** [Makefile:125: cmTC_b4692/fast] Error 2

Source:
/* */
#include <ldap_ssl.h>


int main(void){return 0;}

Determining if files ;ldapssl.h exist failed with the following output:
Change Dir: D:/Projets/racedriver/old_driver/curl/CMakeFiles/CMakeTmp

Run Build Command:"D:/mingw-w64/bin/mingw32-make.exe" "cmTC_efce5/fast"
D:/mingw-w64/bin/mingw32-make.exe -f CMakeFiles\cmTC_efce5.dir\build.make CMakeFiles/cmTC_efce5.dir/build
mingw32-make.exe[1]: Entering directory 'D:/Projets/racedriver/old_driver/curl/CMakeFiles/CMakeTmp'
Building C object CMakeFiles/cmTC_efce5.dir/CheckIncludeFiles.c.obj
D:\mingw-w64\bin\gcc.exe -D_WINSOCKAPI_=""  -pedantic -Wall -W -Wpointer-arith -Wwrite-strings -Wunused -Wshadow -Winline -Wnested-externs -Wmissing-declarations -Wmissing-prototypes -Wno-long-long -Wfloat-equal -Wno-multichar -Wsign-compare -Wundef -Wno-format-nonliteral -Wendif-labels -Wstrict-prototypes -Wdeclaration-after-statement -Wstrict-aliasing=3 -Wcast-align -Wtype-limits -Wold-style-declaration -Wmissing-parameter-type -Wempty-body -Wclobbered -Wignored-qualifiers -Wconversion -Wno-sign-conversion -Wvla -Wdouble-promotion -Wno-system-headers    -o CMakeFiles\cmTC_efce5.dir\CheckIncludeFiles.c.obj   -c D:\Projets\racedriver\old_driver\curl\CMakeFiles\CMakeTmp\CheckIncludeFiles.c
D:\Projets\racedriver\old_driver\curl\CMakeFiles\CMakeTmp\CheckIncludeFiles.c:2:10: fatal error: ldapssl.h: No such file or directory
 #include <ldapssl.h>
          ^~~~~~~~~~~
compilation terminated.
mingw32-make.exe[1]: *** [CMakeFiles\cmTC_efce5.dir\build.make:65: CMakeFiles/cmTC_efce5.dir/CheckIncludeFiles.c.obj] Error 1
mingw32-make.exe[1]: Leaving directory 'D:/Projets/racedriver/old_driver/curl/CMakeFiles/CMakeTmp'
mingw32-make.exe: *** [Makefile:125: cmTC_efce5/fast] Error 2

Source:
/* */
#include <ldapssl.h>


int main(void){return 0;}

Determining if the function idn2_lookup_ul exists in the idn2;wldap32;winmm;ws2_32 failed with the following output:
Change Dir: D:/Projets/racedriver/old_driver/curl/CMakeFiles/CMakeTmp

Run Build Command:"D:/mingw-w64/bin/mingw32-make.exe" "cmTC_defaf/fast"
D:/mingw-w64/bin/mingw32-make.exe -f CMakeFiles\cmTC_defaf.dir\build.make CMakeFiles/cmTC_defaf.dir/build
mingw32-make.exe[1]: Entering directory 'D:/Projets/racedriver/old_driver/curl/CMakeFiles/CMakeTmp'
Building C object CMakeFiles/cmTC_defaf.dir/CheckFunctionExists.c.obj
D:\mingw-w64\bin\gcc.exe -D_WINSOCKAPI_=""  -pedantic -Wall -W -Wpointer-arith -Wwrite-strings -Wunused -Wshadow -Winline -Wnested-externs -Wmissing-declarations -Wmissing-prototypes -Wno-long-long -Wfloat-equal -Wno-multichar -Wsign-compare -Wundef -Wno-format-nonliteral -Wendif-labels -Wstrict-prototypes -Wdeclaration-after-statement -Wstrict-aliasing=3 -Wcast-align -Wtype-limits -Wold-style-declaration -Wmissing-parameter-type -Wempty-body -Wclobbered -Wignored-qualifiers -Wconversion -Wno-sign-conversion -Wvla -Wdouble-promotion -Wno-system-headers -DCHECK_FUNCTION_EXISTS=idn2_lookup_ul   -o CMakeFiles\cmTC_defaf.dir\CheckFunctionExists.c.obj   -c "C:\Program Files\CMake\share\cmake-3.9\Modules\CheckFunctionExists.c"
Linking C executable cmTC_defaf.exe
"C:\Program Files\CMake\bin\cmake.exe" -E cmake_link_script CMakeFiles\cmTC_defaf.dir\link.txt --verbose=1
"C:\Program Files\CMake\bin\cmake.exe" -E remove -f CMakeFiles\cmTC_defaf.dir/objects.a
D:\mingw-w64\bin\ar.exe cr CMakeFiles\cmTC_defaf.dir/objects.a @CMakeFiles\cmTC_defaf.dir\objects1.rsp
D:\mingw-w64\bin\gcc.exe   -pedantic -Wall -W -Wpointer-arith -Wwrite-strings -Wunused -Wshadow -Winline -Wnested-externs -Wmissing-declarations -Wmissing-prototypes -Wno-long-long -Wfloat-equal -Wno-multichar -Wsign-compare -Wundef -Wno-format-nonliteral -Wendif-labels -Wstrict-prototypes -Wdeclaration-after-statement -Wstrict-aliasing=3 -Wcast-align -Wtype-limits -Wold-style-declaration -Wmissing-parameter-type -Wempty-body -Wclobbered -Wignored-qualifiers -Wconversion -Wno-sign-conversion -Wvla -Wdouble-promotion -Wno-system-headers -DCHECK_FUNCTION_EXISTS=idn2_lookup_ul    -Wl,--whole-archive CMakeFiles\cmTC_defaf.dir/objects.a -Wl,--no-whole-archive  -o cmTC_defaf.exe -Wl,--out-implib,libcmTC_defaf.dll.a -Wl,--major-image-version,0,--minor-image-version,0 @CMakeFiles\cmTC_defaf.dir\linklibs.rsp
D:/mingw-w64/bin/../lib/gcc/i686-w64-mingw32/7.1.0/../../../../i686-w64-mingw32/bin/ld.exe: cannot find -lidn2
collect2.exe: error: ld returned 1 exit status
mingw32-make.exe[1]: *** [CMakeFiles\cmTC_defaf.dir\build.make:99: cmTC_defaf.exe] Error 1
mingw32-make.exe[1]: Leaving directory 'D:/Projets/racedriver/old_driver/curl/CMakeFiles/CMakeTmp'
mingw32-make.exe: *** [Makefile:125: cmTC_defaf/fast] Error 2


Performing C SOURCE FILE Test USE_UNIX_SOCKETS failed with the following output:
Change Dir: D:/Projets/racedriver/old_driver/curl/CMakeFiles/CMakeTmp

Run Build Command:"D:/mingw-w64/bin/mingw32-make.exe" "cmTC_bab42/fast"
D:/mingw-w64/bin/mingw32-make.exe -f CMakeFiles\cmTC_bab42.dir\build.make CMakeFiles/cmTC_bab42.dir/build
mingw32-make.exe[1]: Entering directory 'D:/Projets/racedriver/old_driver/curl/CMakeFiles/CMakeTmp'
Building C object CMakeFiles/cmTC_bab42.dir/src.c.obj
D:\mingw-w64\bin\gcc.exe -D_WINSOCKAPI_=""  -pedantic -Wall -W -Wpointer-arith -Wwrite-strings -Wunused -Wshadow -Winline -Wnested-externs -Wmissing-declarations -Wmissing-prototypes -Wno-long-long -Wfloat-equal -Wno-multichar -Wsign-compare -Wundef -Wno-format-nonliteral -Wendif-labels -Wstrict-prototypes -Wdeclaration-after-statement -Wstrict-aliasing=3 -Wcast-align -Wtype-limits -Wold-style-declaration -Wmissing-parameter-type -Wempty-body -Wclobbered -Wignored-qualifiers -Wconversion -Wno-sign-conversion -Wvla -Wdouble-promotion -Wno-system-headers -DUSE_UNIX_SOCKETS   -o CMakeFiles\cmTC_bab42.dir\src.c.obj   -c D:\Projets\racedriver\old_driver\curl\CMakeFiles\CMakeTmp\src.c
D:\Projets\racedriver\old_driver\curl\CMakeFiles\CMakeTmp\src.c:2:10: fatal error: sys/un.h: No such file or directory
 #include <sys/un.h>
          ^~~~~~~~~~
compilation terminated.
mingw32-make.exe[1]: *** [CMakeFiles\cmTC_bab42.dir\build.make:65: CMakeFiles/cmTC_bab42.dir/src.c.obj] Error 1
mingw32-make.exe[1]: Leaving directory 'D:/Projets/racedriver/old_driver/curl/CMakeFiles/CMakeTmp'
mingw32-make.exe: *** [Makefile:125: cmTC_bab42/fast] Error 2

Source file was:

#include <sys/un.h>

int main()
{
   (void)sizeof(((struct sockaddr_un *)0)->sun_path);
   return 0;
}

Determining if files windows.h;winsock.h;ws2tcpip.h;winsock2.h;stdio.h;sys/filio.h exist failed with the following output:
Change Dir: D:/Projets/racedriver/old_driver/curl/CMakeFiles/CMakeTmp

Run Build Command:"D:/mingw-w64/bin/mingw32-make.exe" "cmTC_024c8/fast"
D:/mingw-w64/bin/mingw32-make.exe -f CMakeFiles\cmTC_024c8.dir\build.make CMakeFiles/cmTC_024c8.dir/build
mingw32-make.exe[1]: Entering directory 'D:/Projets/racedriver/old_driver/curl/CMakeFiles/CMakeTmp'
Building C object CMakeFiles/cmTC_024c8.dir/CheckIncludeFiles.c.obj
D:\mingw-w64\bin\gcc.exe -D_WINSOCKAPI_=""  -pedantic -Wall -W -Wpointer-arith -Wwrite-strings -Wunused -Wshadow -Winline -Wnested-externs -Wmissing-declarations -Wmissing-prototypes -Wno-long-long -Wfloat-equal -Wno-multichar -Wsign-compare -Wundef -Wno-format-nonliteral -Wendif-labels -Wstrict-prototypes -Wdeclaration-after-statement -Wstrict-aliasing=3 -Wcast-align -Wtype-limits -Wold-style-declaration -Wmissing-parameter-type -Wempty-body -Wclobbered -Wignored-qualifiers -Wconversion -Wno-sign-conversion -Wvla -Wdouble-promotion -Wno-system-headers    -o CMakeFiles\cmTC_024c8.dir\CheckIncludeFiles.c.obj   -c D:\Projets\racedriver\old_driver\curl\CMakeFiles\CMakeTmp\CheckIncludeFiles.c
In file included from D:/mingw-w64/i686-w64-mingw32/include/ws2tcpip.h:17:0,
                 from D:\Projets\racedriver\old_driver\curl\CMakeFiles\CMakeTmp\CheckIncludeFiles.c:4:
D:/mingw-w64/i686-w64-mingw32/include/winsock2.h:15:2: warning: #warning Please include winsock2.h before windows.h [-Wcpp]
 #warning Please include winsock2.h before windows.h
  ^~~~~~~
D:\Projets\racedriver\old_driver\curl\CMakeFiles\CMakeTmp\CheckIncludeFiles.c:7:10: fatal error: sys/filio.h: No such file or directory
 #include <sys/filio.h>
          ^~~~~~~~~~~~~
compilation terminated.
mingw32-make.exe[1]: *** [CMakeFiles\cmTC_024c8.dir\build.make:65: CMakeFiles/cmTC_024c8.dir/CheckIncludeFiles.c.obj] Error 1
mingw32-make.exe[1]: Leaving directory 'D:/Projets/racedriver/old_driver/curl/CMakeFiles/CMakeTmp'
mingw32-make.exe: *** [Makefile:125: cmTC_024c8/fast] Error 2

Source:
/* */
#include <windows.h>
#include <winsock.h>
#include <ws2tcpip.h>
#include <winsock2.h>
#include <stdio.h>
#include <sys/filio.h>


int main(void){return 0;}

Determining if files windows.h;winsock.h;ws2tcpip.h;winsock2.h;stdio.h;sys/ioctl.h exist failed with the following output:
Change Dir: D:/Projets/racedriver/old_driver/curl/CMakeFiles/CMakeTmp

Run Build Command:"D:/mingw-w64/bin/mingw32-make.exe" "cmTC_7be8c/fast"
D:/mingw-w64/bin/mingw32-make.exe -f CMakeFiles\cmTC_7be8c.dir\build.make CMakeFiles/cmTC_7be8c.dir/build
mingw32-make.exe[1]: Entering directory 'D:/Projets/racedriver/old_driver/curl/CMakeFiles/CMakeTmp'
Building C object CMakeFiles/cmTC_7be8c.dir/CheckIncludeFiles.c.obj
D:\mingw-w64\bin\gcc.exe -D_WINSOCKAPI_=""  -pedantic -Wall -W -Wpointer-arith -Wwrite-strings -Wunused -Wshadow -Winline -Wnested-externs -Wmissing-declarations -Wmissing-prototypes -Wno-long-long -Wfloat-equal -Wno-multichar -Wsign-compare -Wundef -Wno-format-nonliteral -Wendif-labels -Wstrict-prototypes -Wdeclaration-after-statement -Wstrict-aliasing=3 -Wcast-align -Wtype-limits -Wold-style-declaration -Wmissing-parameter-type -Wempty-body -Wclobbered -Wignored-qualifiers -Wconversion -Wno-sign-conversion -Wvla -Wdouble-promotion -Wno-system-headers    -o CMakeFiles\cmTC_7be8c.dir\CheckIncludeFiles.c.obj   -c D:\Projets\racedriver\old_driver\curl\CMakeFiles\CMakeTmp\CheckIncludeFiles.c
In file included from D:/mingw-w64/i686-w64-mingw32/include/ws2tcpip.h:17:0,
                 from D:\Projets\racedriver\old_driver\curl\CMakeFiles\CMakeTmp\CheckIncludeFiles.c:4:
D:/mingw-w64/i686-w64-mingw32/include/winsock2.h:15:2: warning: #warning Please include winsock2.h before windows.h [-Wcpp]
 #warning Please include winsock2.h before windows.h
  ^~~~~~~
D:\Projets\racedriver\old_driver\curl\CMakeFiles\CMakeTmp\CheckIncludeFiles.c:7:10: fatal error: sys/ioctl.h: No such file or directory
 #include <sys/ioctl.h>
          ^~~~~~~~~~~~~
compilation terminated.
mingw32-make.exe[1]: *** [CMakeFiles\cmTC_7be8c.dir\build.make:65: CMakeFiles/cmTC_7be8c.dir/CheckIncludeFiles.c.obj] Error 1
mingw32-make.exe[1]: Leaving directory 'D:/Projets/racedriver/old_driver/curl/CMakeFiles/CMakeTmp'
mingw32-make.exe: *** [Makefile:125: cmTC_7be8c/fast] Error 2

Source:
/* */
#include <windows.h>
#include <winsock.h>
#include <ws2tcpip.h>
#include <winsock2.h>
#include <stdio.h>
#include <sys/ioctl.h>


int main(void){return 0;}

Determining if files windows.h;winsock.h;ws2tcpip.h;winsock2.h;stdio.h;sys/resource.h exist failed with the following output:
Change Dir: D:/Projets/racedriver/old_driver/curl/CMakeFiles/CMakeTmp

Run Build Command:"D:/mingw-w64/bin/mingw32-make.exe" "cmTC_45b86/fast"
D:/mingw-w64/bin/mingw32-make.exe -f CMakeFiles\cmTC_45b86.dir\build.make CMakeFiles/cmTC_45b86.dir/build
mingw32-make.exe[1]: Entering directory 'D:/Projets/racedriver/old_driver/curl/CMakeFiles/CMakeTmp'
Building C object CMakeFiles/cmTC_45b86.dir/CheckIncludeFiles.c.obj
D:\mingw-w64\bin\gcc.exe -D_WINSOCKAPI_=""  -pedantic -Wall -W -Wpointer-arith -Wwrite-strings -Wunused -Wshadow -Winline -Wnested-externs -Wmissing-declarations -Wmissing-prototypes -Wno-long-long -Wfloat-equal -Wno-multichar -Wsign-compare -Wundef -Wno-format-nonliteral -Wendif-labels -Wstrict-prototypes -Wdeclaration-after-statement -Wstrict-aliasing=3 -Wcast-align -Wtype-limits -Wold-style-declaration -Wmissing-parameter-type -Wempty-body -Wclobbered -Wignored-qualifiers -Wconversion -Wno-sign-conversion -Wvla -Wdouble-promotion -Wno-system-headers    -o CMakeFiles\cmTC_45b86.dir\CheckIncludeFiles.c.obj   -c D:\Projets\racedriver\old_driver\curl\CMakeFiles\CMakeTmp\CheckIncludeFiles.c
In file included from D:/mingw-w64/i686-w64-mingw32/include/ws2tcpip.h:17:0,
                 from D:\Projets\racedriver\old_driver\curl\CMakeFiles\CMakeTmp\CheckIncludeFiles.c:4:
D:/mingw-w64/i686-w64-mingw32/include/winsock2.h:15:2: warning: #warning Please include winsock2.h before windows.h [-Wcpp]
 #warning Please include winsock2.h before windows.h
  ^~~~~~~
D:\Projets\racedriver\old_driver\curl\CMakeFiles\CMakeTmp\CheckIncludeFiles.c:7:10: fatal error: sys/resource.h: No such file or directory
 #include <sys/resource.h>
          ^~~~~~~~~~~~~~~~
compilation terminated.
mingw32-make.exe[1]: *** [CMakeFiles\cmTC_45b86.dir\build.make:65: CMakeFiles/cmTC_45b86.dir/CheckIncludeFiles.c.obj] Error 1
mingw32-make.exe[1]: Leaving directory 'D:/Projets/racedriver/old_driver/curl/CMakeFiles/CMakeTmp'
mingw32-make.exe: *** [Makefile:125: cmTC_45b86/fast] Error 2

Source:
/* */
#include <windows.h>
#include <winsock.h>
#include <ws2tcpip.h>
#include <winsock2.h>
#include <stdio.h>
#include <sys/resource.h>


int main(void){return 0;}

Determining if files windows.h;winsock.h;ws2tcpip.h;winsock2.h;stdio.h;sys/stat.h;sys/types.h;sys/uio.h exist failed with the following output:
Change Dir: D:/Projets/racedriver/old_driver/curl/CMakeFiles/CMakeTmp

Run Build Command:"D:/mingw-w64/bin/mingw32-make.exe" "cmTC_c5295/fast"
D:/mingw-w64/bin/mingw32-make.exe -f CMakeFiles\cmTC_c5295.dir\build.make CMakeFiles/cmTC_c5295.dir/build
mingw32-make.exe[1]: Entering directory 'D:/Projets/racedriver/old_driver/curl/CMakeFiles/CMakeTmp'
Building C object CMakeFiles/cmTC_c5295.dir/CheckIncludeFiles.c.obj
D:\mingw-w64\bin\gcc.exe -D_WINSOCKAPI_=""  -pedantic -Wall -W -Wpointer-arith -Wwrite-strings -Wunused -Wshadow -Winline -Wnested-externs -Wmissing-declarations -Wmissing-prototypes -Wno-long-long -Wfloat-equal -Wno-multichar -Wsign-compare -Wundef -Wno-format-nonliteral -Wendif-labels -Wstrict-prototypes -Wdeclaration-after-statement -Wstrict-aliasing=3 -Wcast-align -Wtype-limits -Wold-style-declaration -Wmissing-parameter-type -Wempty-body -Wclobbered -Wignored-qualifiers -Wconversion -Wno-sign-conversion -Wvla -Wdouble-promotion -Wno-system-headers    -o CMakeFiles\cmTC_c5295.dir\CheckIncludeFiles.c.obj   -c D:\Projets\racedriver\old_driver\curl\CMakeFiles\CMakeTmp\CheckIncludeFiles.c
In file included from D:/mingw-w64/i686-w64-mingw32/include/ws2tcpip.h:17:0,
                 from D:\Projets\racedriver\old_driver\curl\CMakeFiles\CMakeTmp\CheckIncludeFiles.c:4:
D:/mingw-w64/i686-w64-mingw32/include/winsock2.h:15:2: warning: #warning Please include winsock2.h before windows.h [-Wcpp]
 #warning Please include winsock2.h before windows.h
  ^~~~~~~
D:\Projets\racedriver\old_driver\curl\CMakeFiles\CMakeTmp\CheckIncludeFiles.c:9:10: fatal error: sys/uio.h: No such file or directory
 #include <sys/uio.h>
          ^~~~~~~~~~~
compilation terminated.
mingw32-make.exe[1]: *** [CMakeFiles\cmTC_c5295.dir\build.make:65: CMakeFiles/cmTC_c5295.dir/CheckIncludeFiles.c.obj] Error 1
mingw32-make.exe[1]: Leaving directory 'D:/Projets/racedriver/old_driver/curl/CMakeFiles/CMakeTmp'
mingw32-make.exe: *** [Makefile:125: cmTC_c5295/fast] Error 2

Source:
/* */
#include <windows.h>
#include <winsock.h>
#include <ws2tcpip.h>
#include <winsock2.h>
#include <stdio.h>
#include <sys/stat.h>
#include <sys/types.h>
#include <sys/uio.h>


int main(void){return 0;}

Determining if files windows.h;winsock.h;ws2tcpip.h;winsock2.h;stdio.h;sys/stat.h;sys/types.h;sys/un.h exist failed with the following output:
Change Dir: D:/Projets/racedriver/old_driver/curl/CMakeFiles/CMakeTmp

Run Build Command:"D:/mingw-w64/bin/mingw32-make.exe" "cmTC_44dd7/fast"
D:/mingw-w64/bin/mingw32-make.exe -f CMakeFiles\cmTC_44dd7.dir\build.make CMakeFiles/cmTC_44dd7.dir/build
mingw32-make.exe[1]: Entering directory 'D:/Projets/racedriver/old_driver/curl/CMakeFiles/CMakeTmp'
Building C object CMakeFiles/cmTC_44dd7.dir/CheckIncludeFiles.c.obj
D:\mingw-w64\bin\gcc.exe -D_WINSOCKAPI_=""  -pedantic -Wall -W -Wpointer-arith -Wwrite-strings -Wunused -Wshadow -Winline -Wnested-externs -Wmissing-declarations -Wmissing-prototypes -Wno-long-long -Wfloat-equal -Wno-multichar -Wsign-compare -Wundef -Wno-format-nonliteral -Wendif-labels -Wstrict-prototypes -Wdeclaration-after-statement -Wstrict-aliasing=3 -Wcast-align -Wtype-limits -Wold-style-declaration -Wmissing-parameter-type -Wempty-body -Wclobbered -Wignored-qualifiers -Wconversion -Wno-sign-conversion -Wvla -Wdouble-promotion -Wno-system-headers    -o CMakeFiles\cmTC_44dd7.dir\CheckIncludeFiles.c.obj   -c D:\Projets\racedriver\old_driver\curl\CMakeFiles\CMakeTmp\CheckIncludeFiles.c
In file included from D:/mingw-w64/i686-w64-mingw32/include/ws2tcpip.h:17:0,
                 from D:\Projets\racedriver\old_driver\curl\CMakeFiles\CMakeTmp\CheckIncludeFiles.c:4:
D:/mingw-w64/i686-w64-mingw32/include/winsock2.h:15:2: warning: #warning Please include winsock2.h before windows.h [-Wcpp]
 #warning Please include winsock2.h before windows.h
  ^~~~~~~
D:\Projets\racedriver\old_driver\curl\CMakeFiles\CMakeTmp\CheckIncludeFiles.c:9:10: fatal error: sys/un.h: No such file or directory
 #include <sys/un.h>
          ^~~~~~~~~~
compilation terminated.
mingw32-make.exe[1]: *** [CMakeFiles\cmTC_44dd7.dir\build.make:65: CMakeFiles/cmTC_44dd7.dir/CheckIncludeFiles.c.obj] Error 1
mingw32-make.exe[1]: Leaving directory 'D:/Projets/racedriver/old_driver/curl/CMakeFiles/CMakeTmp'
mingw32-make.exe: *** [Makefile:125: cmTC_44dd7/fast] Error 2

Source:
/* */
#include <windows.h>
#include <winsock.h>
#include <ws2tcpip.h>
#include <winsock2.h>
#include <stdio.h>
#include <sys/stat.h>
#include <sys/types.h>
#include <sys/un.h>


int main(void){return 0;}

Determining if files windows.h;winsock.h;ws2tcpip.h;winsock2.h;stdio.h;sys/stat.h;sys/types.h;sys/utime.h;sys/xattr.h exist failed with the following output:
Change Dir: D:/Projets/racedriver/old_driver/curl/CMakeFiles/CMakeTmp

Run Build Command:"D:/mingw-w64/bin/mingw32-make.exe" "cmTC_0dcdf/fast"
D:/mingw-w64/bin/mingw32-make.exe -f CMakeFiles\cmTC_0dcdf.dir\build.make CMakeFiles/cmTC_0dcdf.dir/build
mingw32-make.exe[1]: Entering directory 'D:/Projets/racedriver/old_driver/curl/CMakeFiles/CMakeTmp'
Building C object CMakeFiles/cmTC_0dcdf.dir/CheckIncludeFiles.c.obj
D:\mingw-w64\bin\gcc.exe -D_WINSOCKAPI_=""  -pedantic -Wall -W -Wpointer-arith -Wwrite-strings -Wunused -Wshadow -Winline -Wnested-externs -Wmissing-declarations -Wmissing-prototypes -Wno-long-long -Wfloat-equal -Wno-multichar -Wsign-compare -Wundef -Wno-format-nonliteral -Wendif-labels -Wstrict-prototypes -Wdeclaration-after-statement -Wstrict-aliasing=3 -Wcast-align -Wtype-limits -Wold-style-declaration -Wmissing-parameter-type -Wempty-body -Wclobbered -Wignored-qualifiers -Wconversion -Wno-sign-conversion -Wvla -Wdouble-promotion -Wno-system-headers    -o CMakeFiles\cmTC_0dcdf.dir\CheckIncludeFiles.c.obj   -c D:\Projets\racedriver\old_driver\curl\CMakeFiles\CMakeTmp\CheckIncludeFiles.c
In file included from D:/mingw-w64/i686-w64-mingw32/include/ws2tcpip.h:17:0,
                 from D:\Projets\racedriver\old_driver\curl\CMakeFiles\CMakeTmp\CheckIncludeFiles.c:4:
D:/mingw-w64/i686-w64-mingw32/include/winsock2.h:15:2: warning: #warning Please include winsock2.h before windows.h [-Wcpp]
 #warning Please include winsock2.h before windows.h
  ^~~~~~~
D:\Projets\racedriver\old_driver\curl\CMakeFiles\CMakeTmp\CheckIncludeFiles.c:10:10: fatal error: sys/xattr.h: No such file or directory
 #include <sys/xattr.h>
          ^~~~~~~~~~~~~
compilation terminated.
mingw32-make.exe[1]: *** [CMakeFiles\cmTC_0dcdf.dir\build.make:65: CMakeFiles/cmTC_0dcdf.dir/CheckIncludeFiles.c.obj] Error 1
mingw32-make.exe[1]: Leaving directory 'D:/Projets/racedriver/old_driver/curl/CMakeFiles/CMakeTmp'
mingw32-make.exe: *** [Makefile:125: cmTC_0dcdf/fast] Error 2

Source:
/* */
#include <windows.h>
#include <winsock.h>
#include <ws2tcpip.h>
#include <winsock2.h>
#include <stdio.h>
#include <sys/stat.h>
#include <sys/types.h>
#include <sys/utime.h>
#include <sys/xattr.h>


int main(void){return 0;}

Determining if files windows.h;winsock.h;ws2tcpip.h;winsock2.h;stdio.h;sys/stat.h;sys/types.h;sys/utime.h;arpa/tftp.h exist failed with the following output:
Change Dir: D:/Projets/racedriver/old_driver/curl/CMakeFiles/CMakeTmp

Run Build Command:"D:/mingw-w64/bin/mingw32-make.exe" "cmTC_647e1/fast"
D:/mingw-w64/bin/mingw32-make.exe -f CMakeFiles\cmTC_647e1.dir\build.make CMakeFiles/cmTC_647e1.dir/build
mingw32-make.exe[1]: Entering directory 'D:/Projets/racedriver/old_driver/curl/CMakeFiles/CMakeTmp'
Building C object CMakeFiles/cmTC_647e1.dir/CheckIncludeFiles.c.obj
D:\mingw-w64\bin\gcc.exe -D_WINSOCKAPI_=""  -pedantic -Wall -W -Wpointer-arith -Wwrite-strings -Wunused -Wshadow -Winline -Wnested-externs -Wmissing-declarations -Wmissing-prototypes -Wno-long-long -Wfloat-equal -Wno-multichar -Wsign-compare -Wundef -Wno-format-nonliteral -Wendif-labels -Wstrict-prototypes -Wdeclaration-after-statement -Wstrict-aliasing=3 -Wcast-align -Wtype-limits -Wold-style-declaration -Wmissing-parameter-type -Wempty-body -Wclobbered -Wignored-qualifiers -Wconversion -Wno-sign-conversion -Wvla -Wdouble-promotion -Wno-system-headers    -o CMakeFiles\cmTC_647e1.dir\CheckIncludeFiles.c.obj   -c D:\Projets\racedriver\old_driver\curl\CMakeFiles\CMakeTmp\CheckIncludeFiles.c
In file included from D:/mingw-w64/i686-w64-mingw32/include/ws2tcpip.h:17:0,
                 from D:\Projets\racedriver\old_driver\curl\CMakeFiles\CMakeTmp\CheckIncludeFiles.c:4:
D:/mingw-w64/i686-w64-mingw32/include/winsock2.h:15:2: warning: #warning Please include winsock2.h before windows.h [-Wcpp]
 #warning Please include winsock2.h before windows.h
  ^~~~~~~
D:\Projets\racedriver\old_driver\curl\CMakeFiles\CMakeTmp\CheckIncludeFiles.c:10:10: fatal error: arpa/tftp.h: No such file or directory
 #include <arpa/tftp.h>
          ^~~~~~~~~~~~~
compilation terminated.
mingw32-make.exe[1]: *** [CMakeFiles\cmTC_647e1.dir\build.make:65: CMakeFiles/cmTC_647e1.dir/CheckIncludeFiles.c.obj] Error 1
mingw32-make.exe[1]: Leaving directory 'D:/Projets/racedriver/old_driver/curl/CMakeFiles/CMakeTmp'
mingw32-make.exe: *** [Makefile:125: cmTC_647e1/fast] Error 2

Source:
/* */
#include <windows.h>
#include <winsock.h>
#include <ws2tcpip.h>
#include <winsock2.h>
#include <stdio.h>
#include <sys/stat.h>
#include <sys/types.h>
#include <sys/utime.h>
#include <arpa/tftp.h>


int main(void){return 0;}

Determining if files windows.h;winsock.h;ws2tcpip.h;winsock2.h;stdio.h;sys/stat.h;sys/types.h;sys/utime.h;assert.h;crypto.h exist failed with the following output:
Change Dir: D:/Projets/racedriver/old_driver/curl/CMakeFiles/CMakeTmp

Run Build Command:"D:/mingw-w64/bin/mingw32-make.exe" "cmTC_6ca87/fast"
D:/mingw-w64/bin/mingw32-make.exe -f CMakeFiles\cmTC_6ca87.dir\build.make CMakeFiles/cmTC_6ca87.dir/build
mingw32-make.exe[1]: Entering directory 'D:/Projets/racedriver/old_driver/curl/CMakeFiles/CMakeTmp'
Building C object CMakeFiles/cmTC_6ca87.dir/CheckIncludeFiles.c.obj
D:\mingw-w64\bin\gcc.exe -D_WINSOCKAPI_=""  -pedantic -Wall -W -Wpointer-arith -Wwrite-strings -Wunused -Wshadow -Winline -Wnested-externs -Wmissing-declarations -Wmissing-prototypes -Wno-long-long -Wfloat-equal -Wno-multichar -Wsign-compare -Wundef -Wno-format-nonliteral -Wendif-labels -Wstrict-prototypes -Wdeclaration-after-statement -Wstrict-aliasing=3 -Wcast-align -Wtype-limits -Wold-style-declaration -Wmissing-parameter-type -Wempty-body -Wclobbered -Wignored-qualifiers -Wconversion -Wno-sign-conversion -Wvla -Wdouble-promotion -Wno-system-headers    -o CMakeFiles\cmTC_6ca87.dir\CheckIncludeFiles.c.obj   -c D:\Projets\racedriver\old_driver\curl\CMakeFiles\CMakeTmp\CheckIncludeFiles.c
In file included from D:/mingw-w64/i686-w64-mingw32/include/ws2tcpip.h:17:0,
                 from D:\Projets\racedriver\old_driver\curl\CMakeFiles\CMakeTmp\CheckIncludeFiles.c:4:
D:/mingw-w64/i686-w64-mingw32/include/winsock2.h:15:2: warning: #warning Please include winsock2.h before windows.h [-Wcpp]
 #warning Please include winsock2.h before windows.h
  ^~~~~~~
D:\Projets\racedriver\old_driver\curl\CMakeFiles\CMakeTmp\CheckIncludeFiles.c:11:10: fatal error: crypto.h: No such file or directory
 #include <crypto.h>
          ^~~~~~~~~~
compilation terminated.
mingw32-make.exe[1]: *** [CMakeFiles\cmTC_6ca87.dir\build.make:65: CMakeFiles/cmTC_6ca87.dir/CheckIncludeFiles.c.obj] Error 1
mingw32-make.exe[1]: Leaving directory 'D:/Projets/racedriver/old_driver/curl/CMakeFiles/CMakeTmp'
mingw32-make.exe: *** [Makefile:125: cmTC_6ca87/fast] Error 2

Source:
/* */
#include <windows.h>
#include <winsock.h>
#include <ws2tcpip.h>
#include <winsock2.h>
#include <stdio.h>
#include <sys/stat.h>
#include <sys/types.h>
#include <sys/utime.h>
#include <assert.h>
#include <crypto.h>


int main(void){return 0;}

Determining if files windows.h;winsock.h;ws2tcpip.h;winsock2.h;stdio.h;sys/stat.h;sys/types.h;sys/utime.h;assert.h;des.h exist failed with the following output:
Change Dir: D:/Projets/racedriver/old_driver/curl/CMakeFiles/CMakeTmp

Run Build Command:"D:/mingw-w64/bin/mingw32-make.exe" "cmTC_63965/fast"
D:/mingw-w64/bin/mingw32-make.exe -f CMakeFiles\cmTC_63965.dir\build.make CMakeFiles/cmTC_63965.dir/build
mingw32-make.exe[1]: Entering directory 'D:/Projets/racedriver/old_driver/curl/CMakeFiles/CMakeTmp'
Building C object CMakeFiles/cmTC_63965.dir/CheckIncludeFiles.c.obj
D:\mingw-w64\bin\gcc.exe -D_WINSOCKAPI_=""  -pedantic -Wall -W -Wpointer-arith -Wwrite-strings -Wunused -Wshadow -Winline -Wnested-externs -Wmissing-declarations -Wmissing-prototypes -Wno-long-long -Wfloat-equal -Wno-multichar -Wsign-compare -Wundef -Wno-format-nonliteral -Wendif-labels -Wstrict-prototypes -Wdeclaration-after-statement -Wstrict-aliasing=3 -Wcast-align -Wtype-limits -Wold-style-declaration -Wmissing-parameter-type -Wempty-body -Wclobbered -Wignored-qualifiers -Wconversion -Wno-sign-conversion -Wvla -Wdouble-promotion -Wno-system-headers    -o CMakeFiles\cmTC_63965.dir\CheckIncludeFiles.c.obj   -c D:\Projets\racedriver\old_driver\curl\CMakeFiles\CMakeTmp\CheckIncludeFiles.c
In file included from D:/mingw-w64/i686-w64-mingw32/include/ws2tcpip.h:17:0,
                 from D:\Projets\racedriver\old_driver\curl\CMakeFiles\CMakeTmp\CheckIncludeFiles.c:4:
D:/mingw-w64/i686-w64-mingw32/include/winsock2.h:15:2: warning: #warning Please include winsock2.h before windows.h [-Wcpp]
 #warning Please include winsock2.h before windows.h
  ^~~~~~~
D:\Projets\racedriver\old_driver\curl\CMakeFiles\CMakeTmp\CheckIncludeFiles.c:11:10: fatal error: des.h: No such file or directory
 #include <des.h>
          ^~~~~~~
compilation terminated.
mingw32-make.exe[1]: *** [CMakeFiles\cmTC_63965.dir\build.make:65: CMakeFiles/cmTC_63965.dir/CheckIncludeFiles.c.obj] Error 1
mingw32-make.exe[1]: Leaving directory 'D:/Projets/racedriver/old_driver/curl/CMakeFiles/CMakeTmp'
mingw32-make.exe: *** [Makefile:125: cmTC_63965/fast] Error 2

Source:
/* */
#include <windows.h>
#include <winsock.h>
#include <ws2tcpip.h>
#include <winsock2.h>
#include <stdio.h>
#include <sys/stat.h>
#include <sys/types.h>
#include <sys/utime.h>
#include <assert.h>
#include <des.h>


int main(void){return 0;}

Determining if files windows.h;winsock.h;ws2tcpip.h;winsock2.h;stdio.h;sys/stat.h;sys/types.h;sys/utime.h;assert.h;err.h exist failed with the following output:
Change Dir: D:/Projets/racedriver/old_driver/curl/CMakeFiles/CMakeTmp

Run Build Command:"D:/mingw-w64/bin/mingw32-make.exe" "cmTC_9066f/fast"
D:/mingw-w64/bin/mingw32-make.exe -f CMakeFiles\cmTC_9066f.dir\build.make CMakeFiles/cmTC_9066f.dir/build
mingw32-make.exe[1]: Entering directory 'D:/Projets/racedriver/old_driver/curl/CMakeFiles/CMakeTmp'
Building C object CMakeFiles/cmTC_9066f.dir/CheckIncludeFiles.c.obj
D:\mingw-w64\bin\gcc.exe -D_WINSOCKAPI_=""  -pedantic -Wall -W -Wpointer-arith -Wwrite-strings -Wunused -Wshadow -Winline -Wnested-externs -Wmissing-declarations -Wmissing-prototypes -Wno-long-long -Wfloat-equal -Wno-multichar -Wsign-compare -Wundef -Wno-format-nonliteral -Wendif-labels -Wstrict-prototypes -Wdeclaration-after-statement -Wstrict-aliasing=3 -Wcast-align -Wtype-limits -Wold-style-declaration -Wmissing-parameter-type -Wempty-body -Wclobbered -Wignored-qualifiers -Wconversion -Wno-sign-conversion -Wvla -Wdouble-promotion -Wno-system-headers    -o CMakeFiles\cmTC_9066f.dir\CheckIncludeFiles.c.obj   -c D:\Projets\racedriver\old_driver\curl\CMakeFiles\CMakeTmp\CheckIncludeFiles.c
In file included from D:/mingw-w64/i686-w64-mingw32/include/ws2tcpip.h:17:0,
                 from D:\Projets\racedriver\old_driver\curl\CMakeFiles\CMakeTmp\CheckIncludeFiles.c:4:
D:/mingw-w64/i686-w64-mingw32/include/winsock2.h:15:2: warning: #warning Please include winsock2.h before windows.h [-Wcpp]
 #warning Please include winsock2.h before windows.h
  ^~~~~~~
D:\Projets\racedriver\old_driver\curl\CMakeFiles\CMakeTmp\CheckIncludeFiles.c:11:10: fatal error: err.h: No such file or directory
 #include <err.h>
          ^~~~~~~
compilation terminated.
mingw32-make.exe[1]: *** [CMakeFiles\cmTC_9066f.dir\build.make:65: CMakeFiles/cmTC_9066f.dir/CheckIncludeFiles.c.obj] Error 1
mingw32-make.exe[1]: Leaving directory 'D:/Projets/racedriver/old_driver/curl/CMakeFiles/CMakeTmp'
mingw32-make.exe: *** [Makefile:125: cmTC_9066f/fast] Error 2

Source:
/* */
#include <windows.h>
#include <winsock.h>
#include <ws2tcpip.h>
#include <winsock2.h>
#include <stdio.h>
#include <sys/stat.h>
#include <sys/types.h>
#include <sys/utime.h>
#include <assert.h>
#include <err.h>


int main(void){return 0;}

Determining if files windows.h;winsock.h;ws2tcpip.h;winsock2.h;stdio.h;sys/stat.h;sys/types.h;sys/utime.h;assert.h;errno.h;fcntl.h;idn2.h exist failed with the following output:
Change Dir: D:/Projets/racedriver/old_driver/curl/CMakeFiles/CMakeTmp

Run Build Command:"D:/mingw-w64/bin/mingw32-make.exe" "cmTC_49c83/fast"
D:/mingw-w64/bin/mingw32-make.exe -f CMakeFiles\cmTC_49c83.dir\build.make CMakeFiles/cmTC_49c83.dir/build
mingw32-make.exe[1]: Entering directory 'D:/Projets/racedriver/old_driver/curl/CMakeFiles/CMakeTmp'
Building C object CMakeFiles/cmTC_49c83.dir/CheckIncludeFiles.c.obj
D:\mingw-w64\bin\gcc.exe -D_WINSOCKAPI_=""  -pedantic -Wall -W -Wpointer-arith -Wwrite-strings -Wunused -Wshadow -Winline -Wnested-externs -Wmissing-declarations -Wmissing-prototypes -Wno-long-long -Wfloat-equal -Wno-multichar -Wsign-compare -Wundef -Wno-format-nonliteral -Wendif-labels -Wstrict-prototypes -Wdeclaration-after-statement -Wstrict-aliasing=3 -Wcast-align -Wtype-limits -Wold-style-declaration -Wmissing-parameter-type -Wempty-body -Wclobbered -Wignored-qualifiers -Wconversion -Wno-sign-conversion -Wvla -Wdouble-promotion -Wno-system-headers    -o CMakeFiles\cmTC_49c83.dir\CheckIncludeFiles.c.obj   -c D:\Projets\racedriver\old_driver\curl\CMakeFiles\CMakeTmp\CheckIncludeFiles.c
In file included from D:/mingw-w64/i686-w64-mingw32/include/ws2tcpip.h:17:0,
                 from D:\Projets\racedriver\old_driver\curl\CMakeFiles\CMakeTmp\CheckIncludeFiles.c:4:
D:/mingw-w64/i686-w64-mingw32/include/winsock2.h:15:2: warning: #warning Please include winsock2.h before windows.h [-Wcpp]
 #warning Please include winsock2.h before windows.h
  ^~~~~~~
D:\Projets\racedriver\old_driver\curl\CMakeFiles\CMakeTmp\CheckIncludeFiles.c:13:10: fatal error: idn2.h: No such file or directory
 #include <idn2.h>
          ^~~~~~~~
compilation terminated.
mingw32-make.exe[1]: *** [CMakeFiles\cmTC_49c83.dir\build.make:65: CMakeFiles/cmTC_49c83.dir/CheckIncludeFiles.c.obj] Error 1
mingw32-make.exe[1]: Leaving directory 'D:/Projets/racedriver/old_driver/curl/CMakeFiles/CMakeTmp'
mingw32-make.exe: *** [Makefile:125: cmTC_49c83/fast] Error 2

Source:
/* */
#include <windows.h>
#include <winsock.h>
#include <ws2tcpip.h>
#include <winsock2.h>
#include <stdio.h>
#include <sys/stat.h>
#include <sys/types.h>
#include <sys/utime.h>
#include <assert.h>
#include <errno.h>
#include <fcntl.h>
#include <idn2.h>


int main(void){return 0;}

Determining if files windows.h;winsock.h;ws2tcpip.h;winsock2.h;stdio.h;sys/stat.h;sys/types.h;sys/utime.h;assert.h;errno.h;fcntl.h;ifaddrs.h exist failed with the following output:
Change Dir: D:/Projets/racedriver/old_driver/curl/CMakeFiles/CMakeTmp

Run Build Command:"D:/mingw-w64/bin/mingw32-make.exe" "cmTC_fee57/fast"
D:/mingw-w64/bin/mingw32-make.exe -f CMakeFiles\cmTC_fee57.dir\build.make CMakeFiles/cmTC_fee57.dir/build
mingw32-make.exe[1]: Entering directory 'D:/Projets/racedriver/old_driver/curl/CMakeFiles/CMakeTmp'
Building C object CMakeFiles/cmTC_fee57.dir/CheckIncludeFiles.c.obj
D:\mingw-w64\bin\gcc.exe -D_WINSOCKAPI_=""  -pedantic -Wall -W -Wpointer-arith -Wwrite-strings -Wunused -Wshadow -Winline -Wnested-externs -Wmissing-declarations -Wmissing-prototypes -Wno-long-long -Wfloat-equal -Wno-multichar -Wsign-compare -Wundef -Wno-format-nonliteral -Wendif-labels -Wstrict-prototypes -Wdeclaration-after-statement -Wstrict-aliasing=3 -Wcast-align -Wtype-limits -Wold-style-declaration -Wmissing-parameter-type -Wempty-body -Wclobbered -Wignored-qualifiers -Wconversion -Wno-sign-conversion -Wvla -Wdouble-promotion -Wno-system-headers    -o CMakeFiles\cmTC_fee57.dir\CheckIncludeFiles.c.obj   -c D:\Projets\racedriver\old_driver\curl\CMakeFiles\CMakeTmp\CheckIncludeFiles.c
In file included from D:/mingw-w64/i686-w64-mingw32/include/ws2tcpip.h:17:0,
                 from D:\Projets\racedriver\old_driver\curl\CMakeFiles\CMakeTmp\CheckIncludeFiles.c:4:
D:/mingw-w64/i686-w64-mingw32/include/winsock2.h:15:2: warning: #warning Please include winsock2.h before windows.h [-Wcpp]
 #warning Please include winsock2.h before windows.h
  ^~~~~~~
D:\Projets\racedriver\old_driver\curl\CMakeFiles\CMakeTmp\CheckIncludeFiles.c:13:10: fatal error: ifaddrs.h: No such file or directory
 #include <ifaddrs.h>
          ^~~~~~~~~~~
compilation terminated.
mingw32-make.exe[1]: *** [CMakeFiles\cmTC_fee57.dir\build.make:65: CMakeFiles/cmTC_fee57.dir/CheckIncludeFiles.c.obj] Error 1
mingw32-make.exe[1]: Leaving directory 'D:/Projets/racedriver/old_driver/curl/CMakeFiles/CMakeTmp'
mingw32-make.exe: *** [Makefile:125: cmTC_fee57/fast] Error 2

Source:
/* */
#include <windows.h>
#include <winsock.h>
#include <ws2tcpip.h>
#include <winsock2.h>
#include <stdio.h>
#include <sys/stat.h>
#include <sys/types.h>
#include <sys/utime.h>
#include <assert.h>
#include <errno.h>
#include <fcntl.h>
#include <ifaddrs.h>


int main(void){return 0;}

Determining if files windows.h;winsock.h;ws2tcpip.h;winsock2.h;stdio.h;sys/stat.h;sys/types.h;sys/utime.h;assert.h;errno.h;fcntl.h;io.h;krb.h exist failed with the following output:
Change Dir: D:/Projets/racedriver/old_driver/curl/CMakeFiles/CMakeTmp

Run Build Command:"D:/mingw-w64/bin/mingw32-make.exe" "cmTC_c2a9e/fast"
D:/mingw-w64/bin/mingw32-make.exe -f CMakeFiles\cmTC_c2a9e.dir\build.make CMakeFiles/cmTC_c2a9e.dir/build
mingw32-make.exe[1]: Entering directory 'D:/Projets/racedriver/old_driver/curl/CMakeFiles/CMakeTmp'
Building C object CMakeFiles/cmTC_c2a9e.dir/CheckIncludeFiles.c.obj
D:\mingw-w64\bin\gcc.exe -D_WINSOCKAPI_=""  -pedantic -Wall -W -Wpointer-arith -Wwrite-strings -Wunused -Wshadow -Winline -Wnested-externs -Wmissing-declarations -Wmissing-prototypes -Wno-long-long -Wfloat-equal -Wno-multichar -Wsign-compare -Wundef -Wno-format-nonliteral -Wendif-labels -Wstrict-prototypes -Wdeclaration-after-statement -Wstrict-aliasing=3 -Wcast-align -Wtype-limits -Wold-style-declaration -Wmissing-parameter-type -Wempty-body -Wclobbered -Wignored-qualifiers -Wconversion -Wno-sign-conversion -Wvla -Wdouble-promotion -Wno-system-headers    -o CMakeFiles\cmTC_c2a9e.dir\CheckIncludeFiles.c.obj   -c D:\Projets\racedriver\old_driver\curl\CMakeFiles\CMakeTmp\CheckIncludeFiles.c
In file included from D:/mingw-w64/i686-w64-mingw32/include/ws2tcpip.h:17:0,
                 from D:\Projets\racedriver\old_driver\curl\CMakeFiles\CMakeTmp\CheckIncludeFiles.c:4:
D:/mingw-w64/i686-w64-mingw32/include/winsock2.h:15:2: warning: #warning Please include winsock2.h before windows.h [-Wcpp]
 #warning Please include winsock2.h before windows.h
  ^~~~~~~
D:\Projets\racedriver\old_driver\curl\CMakeFiles\CMakeTmp\CheckIncludeFiles.c:14:10: fatal error: krb.h: No such file or directory
 #include <krb.h>
          ^~~~~~~
compilation terminated.
mingw32-make.exe[1]: *** [CMakeFiles\cmTC_c2a9e.dir\build.make:65: CMakeFiles/cmTC_c2a9e.dir/CheckIncludeFiles.c.obj] Error 1
mingw32-make.exe[1]: Leaving directory 'D:/Projets/racedriver/old_driver/curl/CMakeFiles/CMakeTmp'
mingw32-make.exe: *** [Makefile:125: cmTC_c2a9e/fast] Error 2

Source:
/* */
#include <windows.h>
#include <winsock.h>
#include <ws2tcpip.h>
#include <winsock2.h>
#include <stdio.h>
#include <sys/stat.h>
#include <sys/types.h>
#include <sys/utime.h>
#include <assert.h>
#include <errno.h>
#include <fcntl.h>
#include <io.h>
#include <krb.h>


int main(void){return 0;}

Determining if files windows.h;winsock.h;ws2tcpip.h;winsock2.h;stdio.h;sys/stat.h;sys/types.h;sys/utime.h;assert.h;errno.h;fcntl.h;io.h;libgen.h;limits.h;locale.h;netinet/tcp.h exist failed with the following output:
Change Dir: D:/Projets/racedriver/old_driver/curl/CMakeFiles/CMakeTmp

Run Build Command:"D:/mingw-w64/bin/mingw32-make.exe" "cmTC_d3a92/fast"
D:/mingw-w64/bin/mingw32-make.exe -f CMakeFiles\cmTC_d3a92.dir\build.make CMakeFiles/cmTC_d3a92.dir/build
mingw32-make.exe[1]: Entering directory 'D:/Projets/racedriver/old_driver/curl/CMakeFiles/CMakeTmp'
Building C object CMakeFiles/cmTC_d3a92.dir/CheckIncludeFiles.c.obj
D:\mingw-w64\bin\gcc.exe -D_WINSOCKAPI_=""  -pedantic -Wall -W -Wpointer-arith -Wwrite-strings -Wunused -Wshadow -Winline -Wnested-externs -Wmissing-declarations -Wmissing-prototypes -Wno-long-long -Wfloat-equal -Wno-multichar -Wsign-compare -Wundef -Wno-format-nonliteral -Wendif-labels -Wstrict-prototypes -Wdeclaration-after-statement -Wstrict-aliasing=3 -Wcast-align -Wtype-limits -Wold-style-declaration -Wmissing-parameter-type -Wempty-body -Wclobbered -Wignored-qualifiers -Wconversion -Wno-sign-conversion -Wvla -Wdouble-promotion -Wno-system-headers    -o CMakeFiles\cmTC_d3a92.dir\CheckIncludeFiles.c.obj   -c D:\Projets\racedriver\old_driver\curl\CMakeFiles\CMakeTmp\CheckIncludeFiles.c
In file included from D:/mingw-w64/i686-w64-mingw32/include/ws2tcpip.h:17:0,
                 from D:\Projets\racedriver\old_driver\curl\CMakeFiles\CMakeTmp\CheckIncludeFiles.c:4:
D:/mingw-w64/i686-w64-mingw32/include/winsock2.h:15:2: warning: #warning Please include winsock2.h before windows.h [-Wcpp]
 #warning Please include winsock2.h before windows.h
  ^~~~~~~
D:\Projets\racedriver\old_driver\curl\CMakeFiles\CMakeTmp\CheckIncludeFiles.c:17:10: fatal error: netinet/tcp.h: No such file or directory
 #include <netinet/tcp.h>
          ^~~~~~~~~~~~~~~
compilation terminated.
mingw32-make.exe[1]: *** [CMakeFiles\cmTC_d3a92.dir\build.make:65: CMakeFiles/cmTC_d3a92.dir/CheckIncludeFiles.c.obj] Error 1
mingw32-make.exe[1]: Leaving directory 'D:/Projets/racedriver/old_driver/curl/CMakeFiles/CMakeTmp'
mingw32-make.exe: *** [Makefile:125: cmTC_d3a92/fast] Error 2

Source:
/* */
#include <windows.h>
#include <winsock.h>
#include <ws2tcpip.h>
#include <winsock2.h>
#include <stdio.h>
#include <sys/stat.h>
#include <sys/types.h>
#include <sys/utime.h>
#include <assert.h>
#include <errno.h>
#include <fcntl.h>
#include <io.h>
#include <libgen.h>
#include <limits.h>
#include <locale.h>
#include <netinet/tcp.h>


int main(void){return 0;}

Determining if files windows.h;winsock.h;ws2tcpip.h;winsock2.h;stdio.h;sys/stat.h;sys/types.h;sys/utime.h;assert.h;errno.h;fcntl.h;io.h;libgen.h;limits.h;locale.h;pem.h exist failed with the following output:
Change Dir: D:/Projets/racedriver/old_driver/curl/CMakeFiles/CMakeTmp

Run Build Command:"D:/mingw-w64/bin/mingw32-make.exe" "cmTC_c62f7/fast"
D:/mingw-w64/bin/mingw32-make.exe -f CMakeFiles\cmTC_c62f7.dir\build.make CMakeFiles/cmTC_c62f7.dir/build
mingw32-make.exe[1]: Entering directory 'D:/Projets/racedriver/old_driver/curl/CMakeFiles/CMakeTmp'
Building C object CMakeFiles/cmTC_c62f7.dir/CheckIncludeFiles.c.obj
D:\mingw-w64\bin\gcc.exe -D_WINSOCKAPI_=""  -pedantic -Wall -W -Wpointer-arith -Wwrite-strings -Wunused -Wshadow -Winline -Wnested-externs -Wmissing-declarations -Wmissing-prototypes -Wno-long-long -Wfloat-equal -Wno-multichar -Wsign-compare -Wundef -Wno-format-nonliteral -Wendif-labels -Wstrict-prototypes -Wdeclaration-after-statement -Wstrict-aliasing=3 -Wcast-align -Wtype-limits -Wold-style-declaration -Wmissing-parameter-type -Wempty-body -Wclobbered -Wignored-qualifiers -Wconversion -Wno-sign-conversion -Wvla -Wdouble-promotion -Wno-system-headers    -o CMakeFiles\cmTC_c62f7.dir\CheckIncludeFiles.c.obj   -c D:\Projets\racedriver\old_driver\curl\CMakeFiles\CMakeTmp\CheckIncludeFiles.c
In file included from D:/mingw-w64/i686-w64-mingw32/include/ws2tcpip.h:17:0,
                 from D:\Projets\racedriver\old_driver\curl\CMakeFiles\CMakeTmp\CheckIncludeFiles.c:4:
D:/mingw-w64/i686-w64-mingw32/include/winsock2.h:15:2: warning: #warning Please include winsock2.h before windows.h [-Wcpp]
 #warning Please include winsock2.h before windows.h
  ^~~~~~~
D:\Projets\racedriver\old_driver\curl\CMakeFiles\CMakeTmp\CheckIncludeFiles.c:17:10: fatal error: pem.h: No such file or directory
 #include <pem.h>
          ^~~~~~~
compilation terminated.
mingw32-make.exe[1]: *** [CMakeFiles\cmTC_c62f7.dir\build.make:65: CMakeFiles/cmTC_c62f7.dir/CheckIncludeFiles.c.obj] Error 1
mingw32-make.exe[1]: Leaving directory 'D:/Projets/racedriver/old_driver/curl/CMakeFiles/CMakeTmp'
mingw32-make.exe: *** [Makefile:125: cmTC_c62f7/fast] Error 2

Source:
/* */
#include <windows.h>
#include <winsock.h>
#include <ws2tcpip.h>
#include <winsock2.h>
#include <stdio.h>
#include <sys/stat.h>
#include <sys/types.h>
#include <sys/utime.h>
#include <assert.h>
#include <errno.h>
#include <fcntl.h>
#include <io.h>
#include <libgen.h>
#include <limits.h>
#include <locale.h>
#include <pem.h>


int main(void){return 0;}

Determining if files windows.h;winsock.h;ws2tcpip.h;winsock2.h;stdio.h;sys/stat.h;sys/types.h;sys/utime.h;assert.h;errno.h;fcntl.h;io.h;libgen.h;limits.h;locale.h;poll.h exist failed with the following output:
Change Dir: D:/Projets/racedriver/old_driver/curl/CMakeFiles/CMakeTmp

Run Build Command:"D:/mingw-w64/bin/mingw32-make.exe" "cmTC_7add6/fast"
D:/mingw-w64/bin/mingw32-make.exe -f CMakeFiles\cmTC_7add6.dir\build.make CMakeFiles/cmTC_7add6.dir/build
mingw32-make.exe[1]: Entering directory 'D:/Projets/racedriver/old_driver/curl/CMakeFiles/CMakeTmp'
Building C object CMakeFiles/cmTC_7add6.dir/CheckIncludeFiles.c.obj
D:\mingw-w64\bin\gcc.exe -D_WINSOCKAPI_=""  -pedantic -Wall -W -Wpointer-arith -Wwrite-strings -Wunused -Wshadow -Winline -Wnested-externs -Wmissing-declarations -Wmissing-prototypes -Wno-long-long -Wfloat-equal -Wno-multichar -Wsign-compare -Wundef -Wno-format-nonliteral -Wendif-labels -Wstrict-prototypes -Wdeclaration-after-statement -Wstrict-aliasing=3 -Wcast-align -Wtype-limits -Wold-style-declaration -Wmissing-parameter-type -Wempty-body -Wclobbered -Wignored-qualifiers -Wconversion -Wno-sign-conversion -Wvla -Wdouble-promotion -Wno-system-headers    -o CMakeFiles\cmTC_7add6.dir\CheckIncludeFiles.c.obj   -c D:\Projets\racedriver\old_driver\curl\CMakeFiles\CMakeTmp\CheckIncludeFiles.c
In file included from D:/mingw-w64/i686-w64-mingw32/include/ws2tcpip.h:17:0,
                 from D:\Projets\racedriver\old_driver\curl\CMakeFiles\CMakeTmp\CheckIncludeFiles.c:4:
D:/mingw-w64/i686-w64-mingw32/include/winsock2.h:15:2: warning: #warning Please include winsock2.h before windows.h [-Wcpp]
 #warning Please include winsock2.h before windows.h
  ^~~~~~~
D:\Projets\racedriver\old_driver\curl\CMakeFiles\CMakeTmp\CheckIncludeFiles.c:17:10: fatal error: poll.h: No such file or directory
 #include <poll.h>
          ^~~~~~~~
compilation terminated.
mingw32-make.exe[1]: *** [CMakeFiles\cmTC_7add6.dir\build.make:65: CMakeFiles/cmTC_7add6.dir/CheckIncludeFiles.c.obj] Error 1
mingw32-make.exe[1]: Leaving directory 'D:/Projets/racedriver/old_driver/curl/CMakeFiles/CMakeTmp'
mingw32-make.exe: *** [Makefile:125: cmTC_7add6/fast] Error 2

Source:
/* */
#include <windows.h>
#include <winsock.h>
#include <ws2tcpip.h>
#include <winsock2.h>
#include <stdio.h>
#include <sys/stat.h>
#include <sys/types.h>
#include <sys/utime.h>
#include <assert.h>
#include <errno.h>
#include <fcntl.h>
#include <io.h>
#include <libgen.h>
#include <limits.h>
#include <locale.h>
#include <poll.h>


int main(void){return 0;}

Determining if files windows.h;winsock.h;ws2tcpip.h;winsock2.h;stdio.h;sys/stat.h;sys/types.h;sys/utime.h;assert.h;errno.h;fcntl.h;io.h;libgen.h;limits.h;locale.h;rsa.h exist failed with the following output:
Change Dir: D:/Projets/racedriver/old_driver/curl/CMakeFiles/CMakeTmp

Run Build Command:"D:/mingw-w64/bin/mingw32-make.exe" "cmTC_a82ed/fast"
D:/mingw-w64/bin/mingw32-make.exe -f CMakeFiles\cmTC_a82ed.dir\build.make CMakeFiles/cmTC_a82ed.dir/build
mingw32-make.exe[1]: Entering directory 'D:/Projets/racedriver/old_driver/curl/CMakeFiles/CMakeTmp'
Building C object CMakeFiles/cmTC_a82ed.dir/CheckIncludeFiles.c.obj
D:\mingw-w64\bin\gcc.exe -D_WINSOCKAPI_=""  -pedantic -Wall -W -Wpointer-arith -Wwrite-strings -Wunused -Wshadow -Winline -Wnested-externs -Wmissing-declarations -Wmissing-prototypes -Wno-long-long -Wfloat-equal -Wno-multichar -Wsign-compare -Wundef -Wno-format-nonliteral -Wendif-labels -Wstrict-prototypes -Wdeclaration-after-statement -Wstrict-aliasing=3 -Wcast-align -Wtype-limits -Wold-style-declaration -Wmissing-parameter-type -Wempty-body -Wclobbered -Wignored-qualifiers -Wconversion -Wno-sign-conversion -Wvla -Wdouble-promotion -Wno-system-headers    -o CMakeFiles\cmTC_a82ed.dir\CheckIncludeFiles.c.obj   -c D:\Projets\racedriver\old_driver\curl\CMakeFiles\CMakeTmp\CheckIncludeFiles.c
In file included from D:/mingw-w64/i686-w64-mingw32/include/ws2tcpip.h:17:0,
                 from D:\Projets\racedriver\old_driver\curl\CMakeFiles\CMakeTmp\CheckIncludeFiles.c:4:
D:/mingw-w64/i686-w64-mingw32/include/winsock2.h:15:2: warning: #warning Please include winsock2.h before windows.h [-Wcpp]
 #warning Please include winsock2.h before windows.h
  ^~~~~~~
D:\Projets\racedriver\old_driver\curl\CMakeFiles\CMakeTmp\CheckIncludeFiles.c:17:10: fatal error: rsa.h: No such file or directory
 #include <rsa.h>
          ^~~~~~~
compilation terminated.
mingw32-make.exe[1]: *** [CMakeFiles\cmTC_a82ed.dir\build.make:65: CMakeFiles/cmTC_a82ed.dir/CheckIncludeFiles.c.obj] Error 1
mingw32-make.exe[1]: Leaving directory 'D:/Projets/racedriver/old_driver/curl/CMakeFiles/CMakeTmp'
mingw32-make.exe: *** [Makefile:125: cmTC_a82ed/fast] Error 2

Source:
/* */
#include <windows.h>
#include <winsock.h>
#include <ws2tcpip.h>
#include <winsock2.h>
#include <stdio.h>
#include <sys/stat.h>
#include <sys/types.h>
#include <sys/utime.h>
#include <assert.h>
#include <errno.h>
#include <fcntl.h>
#include <io.h>
#include <libgen.h>
#include <limits.h>
#include <locale.h>
#include <rsa.h>


int main(void){return 0;}

Determining if files windows.h;winsock.h;ws2tcpip.h;winsock2.h;stdio.h;sys/stat.h;sys/types.h;sys/utime.h;assert.h;errno.h;fcntl.h;io.h;libgen.h;limits.h;locale.h;setjmp.h;signal.h;ssl.h exist failed with the following output:
Change Dir: D:/Projets/racedriver/old_driver/curl/CMakeFiles/CMakeTmp

Run Build Command:"D:/mingw-w64/bin/mingw32-make.exe" "cmTC_4d3b7/fast"
D:/mingw-w64/bin/mingw32-make.exe -f CMakeFiles\cmTC_4d3b7.dir\build.make CMakeFiles/cmTC_4d3b7.dir/build
mingw32-make.exe[1]: Entering directory 'D:/Projets/racedriver/old_driver/curl/CMakeFiles/CMakeTmp'
Building C object CMakeFiles/cmTC_4d3b7.dir/CheckIncludeFiles.c.obj
D:\mingw-w64\bin\gcc.exe -D_WINSOCKAPI_=""  -pedantic -Wall -W -Wpointer-arith -Wwrite-strings -Wunused -Wshadow -Winline -Wnested-externs -Wmissing-declarations -Wmissing-prototypes -Wno-long-long -Wfloat-equal -Wno-multichar -Wsign-compare -Wundef -Wno-format-nonliteral -Wendif-labels -Wstrict-prototypes -Wdeclaration-after-statement -Wstrict-aliasing=3 -Wcast-align -Wtype-limits -Wold-style-declaration -Wmissing-parameter-type -Wempty-body -Wclobbered -Wignored-qualifiers -Wconversion -Wno-sign-conversion -Wvla -Wdouble-promotion -Wno-system-headers    -o CMakeFiles\cmTC_4d3b7.dir\CheckIncludeFiles.c.obj   -c D:\Projets\racedriver\old_driver\curl\CMakeFiles\CMakeTmp\CheckIncludeFiles.c
In file included from D:/mingw-w64/i686-w64-mingw32/include/ws2tcpip.h:17:0,
                 from D:\Projets\racedriver\old_driver\curl\CMakeFiles\CMakeTmp\CheckIncludeFiles.c:4:
D:/mingw-w64/i686-w64-mingw32/include/winsock2.h:15:2: warning: #warning Please include winsock2.h before windows.h [-Wcpp]
 #warning Please include winsock2.h before windows.h
  ^~~~~~~
D:\Projets\racedriver\old_driver\curl\CMakeFiles\CMakeTmp\CheckIncludeFiles.c:19:10: fatal error: ssl.h: No such file or directory
 #include <ssl.h>
          ^~~~~~~
compilation terminated.
mingw32-make.exe[1]: *** [CMakeFiles\cmTC_4d3b7.dir\build.make:65: CMakeFiles/cmTC_4d3b7.dir/CheckIncludeFiles.c.obj] Error 1
mingw32-make.exe[1]: Leaving directory 'D:/Projets/racedriver/old_driver/curl/CMakeFiles/CMakeTmp'
mingw32-make.exe: *** [Makefile:125: cmTC_4d3b7/fast] Error 2

Source:
/* */
#include <windows.h>
#include <winsock.h>
#include <ws2tcpip.h>
#include <winsock2.h>
#include <stdio.h>
#include <sys/stat.h>
#include <sys/types.h>
#include <sys/utime.h>
#include <assert.h>
#include <errno.h>
#include <fcntl.h>
#include <io.h>
#include <libgen.h>
#include <limits.h>
#include <locale.h>
#include <setjmp.h>
#include <signal.h>
#include <ssl.h>


int main(void){return 0;}

Determining if files windows.h;winsock.h;ws2tcpip.h;winsock2.h;stdio.h;sys/stat.h;sys/types.h;sys/utime.h;assert.h;errno.h;fcntl.h;io.h;libgen.h;limits.h;locale.h;setjmp.h;signal.h;stdbool.h;stdio.h;stdlib.h;string.h;stropts.h exist failed with the following output:
Change Dir: D:/Projets/racedriver/old_driver/curl/CMakeFiles/CMakeTmp

Run Build Command:"D:/mingw-w64/bin/mingw32-make.exe" "cmTC_02f88/fast"
D:/mingw-w64/bin/mingw32-make.exe -f CMakeFiles\cmTC_02f88.dir\build.make CMakeFiles/cmTC_02f88.dir/build
mingw32-make.exe[1]: Entering directory 'D:/Projets/racedriver/old_driver/curl/CMakeFiles/CMakeTmp'
Building C object CMakeFiles/cmTC_02f88.dir/CheckIncludeFiles.c.obj
D:\mingw-w64\bin\gcc.exe -D_WINSOCKAPI_=""  -pedantic -Wall -W -Wpointer-arith -Wwrite-strings -Wunused -Wshadow -Winline -Wnested-externs -Wmissing-declarations -Wmissing-prototypes -Wno-long-long -Wfloat-equal -Wno-multichar -Wsign-compare -Wundef -Wno-format-nonliteral -Wendif-labels -Wstrict-prototypes -Wdeclaration-after-statement -Wstrict-aliasing=3 -Wcast-align -Wtype-limits -Wold-style-declaration -Wmissing-parameter-type -Wempty-body -Wclobbered -Wignored-qualifiers -Wconversion -Wno-sign-conversion -Wvla -Wdouble-promotion -Wno-system-headers    -o CMakeFiles\cmTC_02f88.dir\CheckIncludeFiles.c.obj   -c D:\Projets\racedriver\old_driver\curl\CMakeFiles\CMakeTmp\CheckIncludeFiles.c
In file included from D:/mingw-w64/i686-w64-mingw32/include/ws2tcpip.h:17:0,
                 from D:\Projets\racedriver\old_driver\curl\CMakeFiles\CMakeTmp\CheckIncludeFiles.c:4:
D:/mingw-w64/i686-w64-mingw32/include/winsock2.h:15:2: warning: #warning Please include winsock2.h before windows.h [-Wcpp]
 #warning Please include winsock2.h before windows.h
  ^~~~~~~
D:\Projets\racedriver\old_driver\curl\CMakeFiles\CMakeTmp\CheckIncludeFiles.c:23:10: fatal error: stropts.h: No such file or directory
 #include <stropts.h>
          ^~~~~~~~~~~
compilation terminated.
mingw32-make.exe[1]: *** [CMakeFiles\cmTC_02f88.dir\build.make:65: CMakeFiles/cmTC_02f88.dir/CheckIncludeFiles.c.obj] Error 1
mingw32-make.exe[1]: Leaving directory 'D:/Projets/racedriver/old_driver/curl/CMakeFiles/CMakeTmp'
mingw32-make.exe: *** [Makefile:125: cmTC_02f88/fast] Error 2

Source:
/* */
#include <windows.h>
#include <winsock.h>
#include <ws2tcpip.h>
#include <winsock2.h>
#include <stdio.h>
#include <sys/stat.h>
#include <sys/types.h>
#include <sys/utime.h>
#include <assert.h>
#include <errno.h>
#include <fcntl.h>
#include <io.h>
#include <libgen.h>
#include <limits.h>
#include <locale.h>
#include <setjmp.h>
#include <signal.h>
#include <stdbool.h>
#include <stdio.h>
#include <stdlib.h>
#include <string.h>
#include <stropts.h>


int main(void){return 0;}

Determining if files windows.h;winsock.h;ws2tcpip.h;winsock2.h;stdio.h;sys/stat.h;sys/types.h;sys/utime.h;assert.h;errno.h;fcntl.h;io.h;libgen.h;limits.h;locale.h;setjmp.h;signal.h;stdbool.h;stdio.h;stdlib.h;string.h;time.h;process.h;stddef.h;malloc.h;memory.h;sys/utsname.h exist failed with the following output:
Change Dir: D:/Projets/racedriver/old_driver/curl/CMakeFiles/CMakeTmp

Run Build Command:"D:/mingw-w64/bin/mingw32-make.exe" "cmTC_bc8ec/fast"
D:/mingw-w64/bin/mingw32-make.exe -f CMakeFiles\cmTC_bc8ec.dir\build.make CMakeFiles/cmTC_bc8ec.dir/build
mingw32-make.exe[1]: Entering directory 'D:/Projets/racedriver/old_driver/curl/CMakeFiles/CMakeTmp'
Building C object CMakeFiles/cmTC_bc8ec.dir/CheckIncludeFiles.c.obj
D:\mingw-w64\bin\gcc.exe -D_WINSOCKAPI_=""  -pedantic -Wall -W -Wpointer-arith -Wwrite-strings -Wunused -Wshadow -Winline -Wnested-externs -Wmissing-declarations -Wmissing-prototypes -Wno-long-long -Wfloat-equal -Wno-multichar -Wsign-compare -Wundef -Wno-format-nonliteral -Wendif-labels -Wstrict-prototypes -Wdeclaration-after-statement -Wstrict-aliasing=3 -Wcast-align -Wtype-limits -Wold-style-declaration -Wmissing-parameter-type -Wempty-body -Wclobbered -Wignored-qualifiers -Wconversion -Wno-sign-conversion -Wvla -Wdouble-promotion -Wno-system-headers    -o CMakeFiles\cmTC_bc8ec.dir\CheckIncludeFiles.c.obj   -c D:\Projets\racedriver\old_driver\curl\CMakeFiles\CMakeTmp\CheckIncludeFiles.c
In file included from D:/mingw-w64/i686-w64-mingw32/include/ws2tcpip.h:17:0,
                 from D:\Projets\racedriver\old_driver\curl\CMakeFiles\CMakeTmp\CheckIncludeFiles.c:4:
D:/mingw-w64/i686-w64-mingw32/include/winsock2.h:15:2: warning: #warning Please include winsock2.h before windows.h [-Wcpp]
 #warning Please include winsock2.h before windows.h
  ^~~~~~~
D:\Projets\racedriver\old_driver\curl\CMakeFiles\CMakeTmp\CheckIncludeFiles.c:28:10: fatal error: sys/utsname.h: No such file or directory
 #include <sys/utsname.h>
          ^~~~~~~~~~~~~~~
compilation terminated.
mingw32-make.exe[1]: *** [CMakeFiles\cmTC_bc8ec.dir\build.make:65: CMakeFiles/cmTC_bc8ec.dir/CheckIncludeFiles.c.obj] Error 1
mingw32-make.exe[1]: Leaving directory 'D:/Projets/racedriver/old_driver/curl/CMakeFiles/CMakeTmp'
mingw32-make.exe: *** [Makefile:125: cmTC_bc8ec/fast] Error 2

Source:
/* */
#include <windows.h>
#include <winsock.h>
#include <ws2tcpip.h>
#include <winsock2.h>
#include <stdio.h>
#include <sys/stat.h>
#include <sys/types.h>
#include <sys/utime.h>
#include <assert.h>
#include <errno.h>
#include <fcntl.h>
#include <io.h>
#include <libgen.h>
#include <limits.h>
#include <locale.h>
#include <setjmp.h>
#include <signal.h>
#include <stdbool.h>
#include <stdio.h>
#include <stdlib.h>
#include <string.h>
#include <time.h>
#include <process.h>
#include <stddef.h>
#include <malloc.h>
#include <memory.h>
#include <sys/utsname.h>


int main(void){return 0;}

Determining if the strncmpi exist failed with the following output:
Change Dir: D:/Projets/racedriver/old_driver/curl/CMakeFiles/CMakeTmp

Run Build Command:"D:/mingw-w64/bin/mingw32-make.exe" "cmTC_6f8a7/fast"
D:/mingw-w64/bin/mingw32-make.exe -f CMakeFiles\cmTC_6f8a7.dir\build.make CMakeFiles/cmTC_6f8a7.dir/build
mingw32-make.exe[1]: Entering directory 'D:/Projets/racedriver/old_driver/curl/CMakeFiles/CMakeTmp'
Building C object CMakeFiles/cmTC_6f8a7.dir/CheckSymbolExists.c.obj
D:\mingw-w64\bin\gcc.exe -D_WINSOCKAPI_=""  -pedantic -Wall -W -Wpointer-arith -Wwrite-strings -Wunused -Wshadow -Winline -Wnested-externs -Wmissing-declarations -Wmissing-prototypes -Wno-long-long -Wfloat-equal -Wno-multichar -Wsign-compare -Wundef -Wno-format-nonliteral -Wendif-labels -Wstrict-prototypes -Wdeclaration-after-statement -Wstrict-aliasing=3 -Wcast-align -Wtype-limits -Wold-style-declaration -Wmissing-parameter-type -Wempty-body -Wclobbered -Wignored-qualifiers -Wconversion -Wno-sign-conversion -Wvla -Wdouble-promotion -Wno-system-headers    -o CMakeFiles\cmTC_6f8a7.dir\CheckSymbolExists.c.obj   -c D:\Projets\racedriver\old_driver\curl\CMakeFiles\CMakeTmp\CheckSymbolExists.c
In file included from D:/mingw-w64/i686-w64-mingw32/include/ws2tcpip.h:17:0,
                 from D:\Projets\racedriver\old_driver\curl\CMakeFiles\CMakeTmp\CheckSymbolExists.c:4:
D:/mingw-w64/i686-w64-mingw32/include/winsock2.h:15:2: warning: #warning Please include winsock2.h before windows.h [-Wcpp]
 #warning Please include winsock2.h before windows.h
  ^~~~~~~
D:\Projets\racedriver\old_driver\curl\CMakeFiles\CMakeTmp\CheckSymbolExists.c: In function 'main':
D:\Projets\racedriver\old_driver\curl\CMakeFiles\CMakeTmp\CheckSymbolExists.c:33:19: error: 'strncmpi' undeclared (first use in this function); did you mean 'strcmpi'?
   return ((int*)(&strncmpi))[argc];
                   ^~~~~~~~
                   strcmpi
D:\Projets\racedriver\old_driver\curl\CMakeFiles\CMakeTmp\CheckSymbolExists.c:33:19: note: each undeclared identifier is reported only once for each function it appears in
D:\Projets\racedriver\old_driver\curl\CMakeFiles\CMakeTmp\CheckSymbolExists.c:29:14: warning: parameter 'argc' set but not used [-Wunused-but-set-parameter]
 int main(int argc, char** argv)
              ^~~~
mingw32-make.exe[1]: *** [CMakeFiles\cmTC_6f8a7.dir\build.make:65: CMakeFiles/cmTC_6f8a7.dir/CheckSymbolExists.c.obj] Error 1
mingw32-make.exe[1]: Leaving directory 'D:/Projets/racedriver/old_driver/curl/CMakeFiles/CMakeTmp'
mingw32-make.exe: *** [Makefile:125: cmTC_6f8a7/fast] Error 2

File D:/Projets/racedriver/old_driver/curl/CMakeFiles/CMakeTmp/CheckSymbolExists.c:
/* */
#include <windows.h>
#include <winsock.h>
#include <ws2tcpip.h>
#include <winsock2.h>
#include <stdio.h>
#include <sys/stat.h>
#include <sys/types.h>
#include <sys/utime.h>
#include <assert.h>
#include <errno.h>
#include <fcntl.h>
#include <io.h>
#include <libgen.h>
#include <limits.h>
#include <locale.h>
#include <setjmp.h>
#include <signal.h>
#include <stdbool.h>
#include <stdio.h>
#include <stdlib.h>
#include <string.h>
#include <time.h>
#include <process.h>
#include <stddef.h>
#include <malloc.h>
#include <memory.h>

int main(int argc, char** argv)
{
  (void)argv;
#ifndef strncmpi
  return ((int*)(&strncmpi))[argc];
#else
  (void)argc;
  return 0;
#endif
}

Determining if the alarm exist failed with the following output:
Change Dir: D:/Projets/racedriver/old_driver/curl/CMakeFiles/CMakeTmp

Run Build Command:"D:/mingw-w64/bin/mingw32-make.exe" "cmTC_f875a/fast"
D:/mingw-w64/bin/mingw32-make.exe -f CMakeFiles\cmTC_f875a.dir\build.make CMakeFiles/cmTC_f875a.dir/build
mingw32-make.exe[1]: Entering directory 'D:/Projets/racedriver/old_driver/curl/CMakeFiles/CMakeTmp'
Building C object CMakeFiles/cmTC_f875a.dir/CheckSymbolExists.c.obj
D:\mingw-w64\bin\gcc.exe -D_WINSOCKAPI_=""  -pedantic -Wall -W -Wpointer-arith -Wwrite-strings -Wunused -Wshadow -Winline -Wnested-externs -Wmissing-declarations -Wmissing-prototypes -Wno-long-long -Wfloat-equal -Wno-multichar -Wsign-compare -Wundef -Wno-format-nonliteral -Wendif-labels -Wstrict-prototypes -Wdeclaration-after-statement -Wstrict-aliasing=3 -Wcast-align -Wtype-limits -Wold-style-declaration -Wmissing-parameter-type -Wempty-body -Wclobbered -Wignored-qualifiers -Wconversion -Wno-sign-conversion -Wvla -Wdouble-promotion -Wno-system-headers    -o CMakeFiles\cmTC_f875a.dir\CheckSymbolExists.c.obj   -c D:\Projets\racedriver\old_driver\curl\CMakeFiles\CMakeTmp\CheckSymbolExists.c
In file included from D:/mingw-w64/i686-w64-mingw32/include/ws2tcpip.h:17:0,
                 from D:\Projets\racedriver\old_driver\curl\CMakeFiles\CMakeTmp\CheckSymbolExists.c:4:
D:/mingw-w64/i686-w64-mingw32/include/winsock2.h:15:2: warning: #warning Please include winsock2.h before windows.h [-Wcpp]
 #warning Please include winsock2.h before windows.h
  ^~~~~~~
D:\Projets\racedriver\old_driver\curl\CMakeFiles\CMakeTmp\CheckSymbolExists.c: In function 'main':
D:\Projets\racedriver\old_driver\curl\CMakeFiles\CMakeTmp\CheckSymbolExists.c:33:19: error: 'alarm' undeclared (first use in this function)
   return ((int*)(&alarm))[argc];
                   ^~~~~
D:\Projets\racedriver\old_driver\curl\CMakeFiles\CMakeTmp\CheckSymbolExists.c:33:19: note: each undeclared identifier is reported only once for each function it appears in
D:\Projets\racedriver\old_driver\curl\CMakeFiles\CMakeTmp\CheckSymbolExists.c:29:14: warning: parameter 'argc' set but not used [-Wunused-but-set-parameter]
 int main(int argc, char** argv)
              ^~~~
mingw32-make.exe[1]: *** [CMakeFiles\cmTC_f875a.dir\build.make:65: CMakeFiles/cmTC_f875a.dir/CheckSymbolExists.c.obj] Error 1
mingw32-make.exe[1]: Leaving directory 'D:/Projets/racedriver/old_driver/curl/CMakeFiles/CMakeTmp'
mingw32-make.exe: *** [Makefile:125: cmTC_f875a/fast] Error 2

File D:/Projets/racedriver/old_driver/curl/CMakeFiles/CMakeTmp/CheckSymbolExists.c:
/* */
#include <windows.h>
#include <winsock.h>
#include <ws2tcpip.h>
#include <winsock2.h>
#include <stdio.h>
#include <sys/stat.h>
#include <sys/types.h>
#include <sys/utime.h>
#include <assert.h>
#include <errno.h>
#include <fcntl.h>
#include <io.h>
#include <libgen.h>
#include <limits.h>
#include <locale.h>
#include <setjmp.h>
#include <signal.h>
#include <stdbool.h>
#include <stdio.h>
#include <stdlib.h>
#include <string.h>
#include <time.h>
#include <process.h>
#include <stddef.h>
#include <malloc.h>
#include <memory.h>

int main(int argc, char** argv)
{
  (void)argv;
#ifndef alarm
  return ((int*)(&alarm))[argc];
#else
  (void)argc;
  return 0;
#endif
}

Determining if the strerror_r exist failed with the following output:
Change Dir: D:/Projets/racedriver/old_driver/curl/CMakeFiles/CMakeTmp

Run Build Command:"D:/mingw-w64/bin/mingw32-make.exe" "cmTC_06473/fast"
D:/mingw-w64/bin/mingw32-make.exe -f CMakeFiles\cmTC_06473.dir\build.make CMakeFiles/cmTC_06473.dir/build
mingw32-make.exe[1]: Entering directory 'D:/Projets/racedriver/old_driver/curl/CMakeFiles/CMakeTmp'
Building C object CMakeFiles/cmTC_06473.dir/CheckSymbolExists.c.obj
D:\mingw-w64\bin\gcc.exe -D_WINSOCKAPI_=""  -pedantic -Wall -W -Wpointer-arith -Wwrite-strings -Wunused -Wshadow -Winline -Wnested-externs -Wmissing-declarations -Wmissing-prototypes -Wno-long-long -Wfloat-equal -Wno-multichar -Wsign-compare -Wundef -Wno-format-nonliteral -Wendif-labels -Wstrict-prototypes -Wdeclaration-after-statement -Wstrict-aliasing=3 -Wcast-align -Wtype-limits -Wold-style-declaration -Wmissing-parameter-type -Wempty-body -Wclobbered -Wignored-qualifiers -Wconversion -Wno-sign-conversion -Wvla -Wdouble-promotion -Wno-system-headers    -o CMakeFiles\cmTC_06473.dir\CheckSymbolExists.c.obj   -c D:\Projets\racedriver\old_driver\curl\CMakeFiles\CMakeTmp\CheckSymbolExists.c
In file included from D:/mingw-w64/i686-w64-mingw32/include/ws2tcpip.h:17:0,
                 from D:\Projets\racedriver\old_driver\curl\CMakeFiles\CMakeTmp\CheckSymbolExists.c:4:
D:/mingw-w64/i686-w64-mingw32/include/winsock2.h:15:2: warning: #warning Please include winsock2.h before windows.h [-Wcpp]
 #warning Please include winsock2.h before windows.h
  ^~~~~~~
D:\Projets\racedriver\old_driver\curl\CMakeFiles\CMakeTmp\CheckSymbolExists.c: In function 'main':
D:\Projets\racedriver\old_driver\curl\CMakeFiles\CMakeTmp\CheckSymbolExists.c:33:19: error: 'strerror_r' undeclared (first use in this function); did you mean 'strerror_s'?
   return ((int*)(&strerror_r))[argc];
                   ^~~~~~~~~~
                   strerror_s
D:\Projets\racedriver\old_driver\curl\CMakeFiles\CMakeTmp\CheckSymbolExists.c:33:19: note: each undeclared identifier is reported only once for each function it appears in
D:\Projets\racedriver\old_driver\curl\CMakeFiles\CMakeTmp\CheckSymbolExists.c:29:14: warning: parameter 'argc' set but not used [-Wunused-but-set-parameter]
 int main(int argc, char** argv)
              ^~~~
mingw32-make.exe[1]: *** [CMakeFiles\cmTC_06473.dir\build.make:65: CMakeFiles/cmTC_06473.dir/CheckSymbolExists.c.obj] Error 1
mingw32-make.exe[1]: Leaving directory 'D:/Projets/racedriver/old_driver/curl/CMakeFiles/CMakeTmp'
mingw32-make.exe: *** [Makefile:125: cmTC_06473/fast] Error 2

File D:/Projets/racedriver/old_driver/curl/CMakeFiles/CMakeTmp/CheckSymbolExists.c:
/* */
#include <windows.h>
#include <winsock.h>
#include <ws2tcpip.h>
#include <winsock2.h>
#include <stdio.h>
#include <sys/stat.h>
#include <sys/types.h>
#include <sys/utime.h>
#include <assert.h>
#include <errno.h>
#include <fcntl.h>
#include <io.h>
#include <libgen.h>
#include <limits.h>
#include <locale.h>
#include <setjmp.h>
#include <signal.h>
#include <stdbool.h>
#include <stdio.h>
#include <stdlib.h>
#include <string.h>
#include <time.h>
#include <process.h>
#include <stddef.h>
#include <malloc.h>
#include <memory.h>

int main(int argc, char** argv)
{
  (void)argv;
#ifndef strerror_r
  return ((int*)(&strerror_r))[argc];
#else
  (void)argc;
  return 0;
#endif
}

Determining if the siginterrupt exist failed with the following output:
Change Dir: D:/Projets/racedriver/old_driver/curl/CMakeFiles/CMakeTmp

Run Build Command:"D:/mingw-w64/bin/mingw32-make.exe" "cmTC_e7530/fast"
D:/mingw-w64/bin/mingw32-make.exe -f CMakeFiles\cmTC_e7530.dir\build.make CMakeFiles/cmTC_e7530.dir/build
mingw32-make.exe[1]: Entering directory 'D:/Projets/racedriver/old_driver/curl/CMakeFiles/CMakeTmp'
Building C object CMakeFiles/cmTC_e7530.dir/CheckSymbolExists.c.obj
D:\mingw-w64\bin\gcc.exe -D_WINSOCKAPI_=""  -pedantic -Wall -W -Wpointer-arith -Wwrite-strings -Wunused -Wshadow -Winline -Wnested-externs -Wmissing-declarations -Wmissing-prototypes -Wno-long-long -Wfloat-equal -Wno-multichar -Wsign-compare -Wundef -Wno-format-nonliteral -Wendif-labels -Wstrict-prototypes -Wdeclaration-after-statement -Wstrict-aliasing=3 -Wcast-align -Wtype-limits -Wold-style-declaration -Wmissing-parameter-type -Wempty-body -Wclobbered -Wignored-qualifiers -Wconversion -Wno-sign-conversion -Wvla -Wdouble-promotion -Wno-system-headers    -o CMakeFiles\cmTC_e7530.dir\CheckSymbolExists.c.obj   -c D:\Projets\racedriver\old_driver\curl\CMakeFiles\CMakeTmp\CheckSymbolExists.c
In file included from D:/mingw-w64/i686-w64-mingw32/include/ws2tcpip.h:17:0,
                 from D:\Projets\racedriver\old_driver\curl\CMakeFiles\CMakeTmp\CheckSymbolExists.c:4:
D:/mingw-w64/i686-w64-mingw32/include/winsock2.h:15:2: warning: #warning Please include winsock2.h before windows.h [-Wcpp]
 #warning Please include winsock2.h before windows.h
  ^~~~~~~
D:\Projets\racedriver\old_driver\curl\CMakeFiles\CMakeTmp\CheckSymbolExists.c: In function 'main':
D:\Projets\racedriver\old_driver\curl\CMakeFiles\CMakeTmp\CheckSymbolExists.c:33:19: error: 'siginterrupt' undeclared (first use in this function)
   return ((int*)(&siginterrupt))[argc];
                   ^~~~~~~~~~~~
D:\Projets\racedriver\old_driver\curl\CMakeFiles\CMakeTmp\CheckSymbolExists.c:33:19: note: each undeclared identifier is reported only once for each function it appears in
D:\Projets\racedriver\old_driver\curl\CMakeFiles\CMakeTmp\CheckSymbolExists.c:29:14: warning: parameter 'argc' set but not used [-Wunused-but-set-parameter]
 int main(int argc, char** argv)
              ^~~~
mingw32-make.exe[1]: *** [CMakeFiles\cmTC_e7530.dir\build.make:65: CMakeFiles/cmTC_e7530.dir/CheckSymbolExists.c.obj] Error 1
mingw32-make.exe[1]: Leaving directory 'D:/Projets/racedriver/old_driver/curl/CMakeFiles/CMakeTmp'
mingw32-make.exe: *** [Makefile:125: cmTC_e7530/fast] Error 2

File D:/Projets/racedriver/old_driver/curl/CMakeFiles/CMakeTmp/CheckSymbolExists.c:
/* */
#include <windows.h>
#include <winsock.h>
#include <ws2tcpip.h>
#include <winsock2.h>
#include <stdio.h>
#include <sys/stat.h>
#include <sys/types.h>
#include <sys/utime.h>
#include <assert.h>
#include <errno.h>
#include <fcntl.h>
#include <io.h>
#include <libgen.h>
#include <limits.h>
#include <locale.h>
#include <setjmp.h>
#include <signal.h>
#include <stdbool.h>
#include <stdio.h>
#include <stdlib.h>
#include <string.h>
#include <time.h>
#include <process.h>
#include <stddef.h>
#include <malloc.h>
#include <memory.h>

int main(int argc, char** argv)
{
  (void)argv;
#ifndef siginterrupt
  return ((int*)(&siginterrupt))[argc];
#else
  (void)argc;
  return 0;
#endif
}

Determining if the fork exist failed with the following output:
Change Dir: D:/Projets/racedriver/old_driver/curl/CMakeFiles/CMakeTmp

Run Build Command:"D:/mingw-w64/bin/mingw32-make.exe" "cmTC_3136c/fast"
D:/mingw-w64/bin/mingw32-make.exe -f CMakeFiles\cmTC_3136c.dir\build.make CMakeFiles/cmTC_3136c.dir/build
mingw32-make.exe[1]: Entering directory 'D:/Projets/racedriver/old_driver/curl/CMakeFiles/CMakeTmp'
Building C object CMakeFiles/cmTC_3136c.dir/CheckSymbolExists.c.obj
D:\mingw-w64\bin\gcc.exe -D_WINSOCKAPI_=""  -pedantic -Wall -W -Wpointer-arith -Wwrite-strings -Wunused -Wshadow -Winline -Wnested-externs -Wmissing-declarations -Wmissing-prototypes -Wno-long-long -Wfloat-equal -Wno-multichar -Wsign-compare -Wundef -Wno-format-nonliteral -Wendif-labels -Wstrict-prototypes -Wdeclaration-after-statement -Wstrict-aliasing=3 -Wcast-align -Wtype-limits -Wold-style-declaration -Wmissing-parameter-type -Wempty-body -Wclobbered -Wignored-qualifiers -Wconversion -Wno-sign-conversion -Wvla -Wdouble-promotion -Wno-system-headers    -o CMakeFiles\cmTC_3136c.dir\CheckSymbolExists.c.obj   -c D:\Projets\racedriver\old_driver\curl\CMakeFiles\CMakeTmp\CheckSymbolExists.c
In file included from D:/mingw-w64/i686-w64-mingw32/include/ws2tcpip.h:17:0,
                 from D:\Projets\racedriver\old_driver\curl\CMakeFiles\CMakeTmp\CheckSymbolExists.c:4:
D:/mingw-w64/i686-w64-mingw32/include/winsock2.h:15:2: warning: #warning Please include winsock2.h before windows.h [-Wcpp]
 #warning Please include winsock2.h before windows.h
  ^~~~~~~
D:\Projets\racedriver\old_driver\curl\CMakeFiles\CMakeTmp\CheckSymbolExists.c: In function 'main':
D:\Projets\racedriver\old_driver\curl\CMakeFiles\CMakeTmp\CheckSymbolExists.c:33:19: error: 'fork' undeclared (first use in this function); did you mean 'far'?
   return ((int*)(&fork))[argc];
                   ^~~~
                   far
D:\Projets\racedriver\old_driver\curl\CMakeFiles\CMakeTmp\CheckSymbolExists.c:33:19: note: each undeclared identifier is reported only once for each function it appears in
D:\Projets\racedriver\old_driver\curl\CMakeFiles\CMakeTmp\CheckSymbolExists.c:29:14: warning: parameter 'argc' set but not used [-Wunused-but-set-parameter]
 int main(int argc, char** argv)
              ^~~~
mingw32-make.exe[1]: *** [CMakeFiles\cmTC_3136c.dir\build.make:65: CMakeFiles/cmTC_3136c.dir/CheckSymbolExists.c.obj] Error 1
mingw32-make.exe[1]: Leaving directory 'D:/Projets/racedriver/old_driver/curl/CMakeFiles/CMakeTmp'
mingw32-make.exe: *** [Makefile:125: cmTC_3136c/fast] Error 2

File D:/Projets/racedriver/old_driver/curl/CMakeFiles/CMakeTmp/CheckSymbolExists.c:
/* */
#include <windows.h>
#include <winsock.h>
#include <ws2tcpip.h>
#include <winsock2.h>
#include <stdio.h>
#include <sys/stat.h>
#include <sys/types.h>
#include <sys/utime.h>
#include <assert.h>
#include <errno.h>
#include <fcntl.h>
#include <io.h>
#include <libgen.h>
#include <limits.h>
#include <locale.h>
#include <setjmp.h>
#include <signal.h>
#include <stdbool.h>
#include <stdio.h>
#include <stdlib.h>
#include <string.h>
#include <time.h>
#include <process.h>
#include <stddef.h>
#include <malloc.h>
#include <memory.h>

int main(int argc, char** argv)
{
  (void)argv;
#ifndef fork
  return ((int*)(&fork))[argc];
#else
  (void)argc;
  return 0;
#endif
}

Determining if the freeifaddrs exist failed with the following output:
Change Dir: D:/Projets/racedriver/old_driver/curl/CMakeFiles/CMakeTmp

Run Build Command:"D:/mingw-w64/bin/mingw32-make.exe" "cmTC_2738a/fast"
D:/mingw-w64/bin/mingw32-make.exe -f CMakeFiles\cmTC_2738a.dir\build.make CMakeFiles/cmTC_2738a.dir/build
mingw32-make.exe[1]: Entering directory 'D:/Projets/racedriver/old_driver/curl/CMakeFiles/CMakeTmp'
Building C object CMakeFiles/cmTC_2738a.dir/CheckSymbolExists.c.obj
D:\mingw-w64\bin\gcc.exe -D_WINSOCKAPI_=""  -pedantic -Wall -W -Wpointer-arith -Wwrite-strings -Wunused -Wshadow -Winline -Wnested-externs -Wmissing-declarations -Wmissing-prototypes -Wno-long-long -Wfloat-equal -Wno-multichar -Wsign-compare -Wundef -Wno-format-nonliteral -Wendif-labels -Wstrict-prototypes -Wdeclaration-after-statement -Wstrict-aliasing=3 -Wcast-align -Wtype-limits -Wold-style-declaration -Wmissing-parameter-type -Wempty-body -Wclobbered -Wignored-qualifiers -Wconversion -Wno-sign-conversion -Wvla -Wdouble-promotion -Wno-system-headers    -o CMakeFiles\cmTC_2738a.dir\CheckSymbolExists.c.obj   -c D:\Projets\racedriver\old_driver\curl\CMakeFiles\CMakeTmp\CheckSymbolExists.c
In file included from D:/mingw-w64/i686-w64-mingw32/include/ws2tcpip.h:17:0,
                 from D:\Projets\racedriver\old_driver\curl\CMakeFiles\CMakeTmp\CheckSymbolExists.c:4:
D:/mingw-w64/i686-w64-mingw32/include/winsock2.h:15:2: warning: #warning Please include winsock2.h before windows.h [-Wcpp]
 #warning Please include winsock2.h before windows.h
  ^~~~~~~
D:\Projets\racedriver\old_driver\curl\CMakeFiles\CMakeTmp\CheckSymbolExists.c: In function 'main':
D:\Projets\racedriver\old_driver\curl\CMakeFiles\CMakeTmp\CheckSymbolExists.c:33:19: error: 'freeifaddrs' undeclared (first use in this function); did you mean 'fread_s'?
   return ((int*)(&freeifaddrs))[argc];
                   ^~~~~~~~~~~
                   fread_s
D:\Projets\racedriver\old_driver\curl\CMakeFiles\CMakeTmp\CheckSymbolExists.c:33:19: note: each undeclared identifier is reported only once for each function it appears in
D:\Projets\racedriver\old_driver\curl\CMakeFiles\CMakeTmp\CheckSymbolExists.c:29:14: warning: parameter 'argc' set but not used [-Wunused-but-set-parameter]
 int main(int argc, char** argv)
              ^~~~
mingw32-make.exe[1]: *** [CMakeFiles\cmTC_2738a.dir\build.make:65: CMakeFiles/cmTC_2738a.dir/CheckSymbolExists.c.obj] Error 1
mingw32-make.exe[1]: Leaving directory 'D:/Projets/racedriver/old_driver/curl/CMakeFiles/CMakeTmp'
mingw32-make.exe: *** [Makefile:125: cmTC_2738a/fast] Error 2

File D:/Projets/racedriver/old_driver/curl/CMakeFiles/CMakeTmp/CheckSymbolExists.c:
/* */
#include <windows.h>
#include <winsock.h>
#include <ws2tcpip.h>
#include <winsock2.h>
#include <stdio.h>
#include <sys/stat.h>
#include <sys/types.h>
#include <sys/utime.h>
#include <assert.h>
#include <errno.h>
#include <fcntl.h>
#include <io.h>
#include <libgen.h>
#include <limits.h>
#include <locale.h>
#include <setjmp.h>
#include <signal.h>
#include <stdbool.h>
#include <stdio.h>
#include <stdlib.h>
#include <string.h>
#include <time.h>
#include <process.h>
#include <stddef.h>
#include <malloc.h>
#include <memory.h>

int main(int argc, char** argv)
{
  (void)argv;
#ifndef freeifaddrs
  return ((int*)(&freeifaddrs))[argc];
#else
  (void)argc;
  return 0;
#endif
}

Determining if the pipe exist failed with the following output:
Change Dir: D:/Projets/racedriver/old_driver/curl/CMakeFiles/CMakeTmp

Run Build Command:"D:/mingw-w64/bin/mingw32-make.exe" "cmTC_cc3e7/fast"
D:/mingw-w64/bin/mingw32-make.exe -f CMakeFiles\cmTC_cc3e7.dir\build.make CMakeFiles/cmTC_cc3e7.dir/build
mingw32-make.exe[1]: Entering directory 'D:/Projets/racedriver/old_driver/curl/CMakeFiles/CMakeTmp'
Building C object CMakeFiles/cmTC_cc3e7.dir/CheckSymbolExists.c.obj
D:\mingw-w64\bin\gcc.exe -D_WINSOCKAPI_=""  -pedantic -Wall -W -Wpointer-arith -Wwrite-strings -Wunused -Wshadow -Winline -Wnested-externs -Wmissing-declarations -Wmissing-prototypes -Wno-long-long -Wfloat-equal -Wno-multichar -Wsign-compare -Wundef -Wno-format-nonliteral -Wendif-labels -Wstrict-prototypes -Wdeclaration-after-statement -Wstrict-aliasing=3 -Wcast-align -Wtype-limits -Wold-style-declaration -Wmissing-parameter-type -Wempty-body -Wclobbered -Wignored-qualifiers -Wconversion -Wno-sign-conversion -Wvla -Wdouble-promotion -Wno-system-headers    -o CMakeFiles\cmTC_cc3e7.dir\CheckSymbolExists.c.obj   -c D:\Projets\racedriver\old_driver\curl\CMakeFiles\CMakeTmp\CheckSymbolExists.c
In file included from D:/mingw-w64/i686-w64-mingw32/include/ws2tcpip.h:17:0,
                 from D:\Projets\racedriver\old_driver\curl\CMakeFiles\CMakeTmp\CheckSymbolExists.c:4:
D:/mingw-w64/i686-w64-mingw32/include/winsock2.h:15:2: warning: #warning Please include winsock2.h before windows.h [-Wcpp]
 #warning Please include winsock2.h before windows.h
  ^~~~~~~
D:\Projets\racedriver\old_driver\curl\CMakeFiles\CMakeTmp\CheckSymbolExists.c: In function 'main':
D:\Projets\racedriver\old_driver\curl\CMakeFiles\CMakeTmp\CheckSymbolExists.c:33:19: error: 'pipe' undeclared (first use in this function); did you mean '_pipe'?
   return ((int*)(&pipe))[argc];
                   ^~~~
                   _pipe
D:\Projets\racedriver\old_driver\curl\CMakeFiles\CMakeTmp\CheckSymbolExists.c:33:19: note: each undeclared identifier is reported only once for each function it appears in
D:\Projets\racedriver\old_driver\curl\CMakeFiles\CMakeTmp\CheckSymbolExists.c:29:14: warning: parameter 'argc' set but not used [-Wunused-but-set-parameter]
 int main(int argc, char** argv)
              ^~~~
mingw32-make.exe[1]: *** [CMakeFiles\cmTC_cc3e7.dir\build.make:65: CMakeFiles/cmTC_cc3e7.dir/CheckSymbolExists.c.obj] Error 1
mingw32-make.exe[1]: Leaving directory 'D:/Projets/racedriver/old_driver/curl/CMakeFiles/CMakeTmp'
mingw32-make.exe: *** [Makefile:125: cmTC_cc3e7/fast] Error 2

File D:/Projets/racedriver/old_driver/curl/CMakeFiles/CMakeTmp/CheckSymbolExists.c:
/* */
#include <windows.h>
#include <winsock.h>
#include <ws2tcpip.h>
#include <winsock2.h>
#include <stdio.h>
#include <sys/stat.h>
#include <sys/types.h>
#include <sys/utime.h>
#include <assert.h>
#include <errno.h>
#include <fcntl.h>
#include <io.h>
#include <libgen.h>
#include <limits.h>
#include <locale.h>
#include <setjmp.h>
#include <signal.h>
#include <stdbool.h>
#include <stdio.h>
#include <stdlib.h>
#include <string.h>
#include <time.h>
#include <process.h>
#include <stddef.h>
#include <malloc.h>
#include <memory.h>

int main(int argc, char** argv)
{
  (void)argv;
#ifndef pipe
  return ((int*)(&pipe))[argc];
#else
  (void)argc;
  return 0;
#endif
}

Determining if the ftruncate exist failed with the following output:
Change Dir: D:/Projets/racedriver/old_driver/curl/CMakeFiles/CMakeTmp

Run Build Command:"D:/mingw-w64/bin/mingw32-make.exe" "cmTC_e2d1a/fast"
D:/mingw-w64/bin/mingw32-make.exe -f CMakeFiles\cmTC_e2d1a.dir\build.make CMakeFiles/cmTC_e2d1a.dir/build
mingw32-make.exe[1]: Entering directory 'D:/Projets/racedriver/old_driver/curl/CMakeFiles/CMakeTmp'
Building C object CMakeFiles/cmTC_e2d1a.dir/CheckSymbolExists.c.obj
D:\mingw-w64\bin\gcc.exe -D_WINSOCKAPI_=""  -pedantic -Wall -W -Wpointer-arith -Wwrite-strings -Wunused -Wshadow -Winline -Wnested-externs -Wmissing-declarations -Wmissing-prototypes -Wno-long-long -Wfloat-equal -Wno-multichar -Wsign-compare -Wundef -Wno-format-nonliteral -Wendif-labels -Wstrict-prototypes -Wdeclaration-after-statement -Wstrict-aliasing=3 -Wcast-align -Wtype-limits -Wold-style-declaration -Wmissing-parameter-type -Wempty-body -Wclobbered -Wignored-qualifiers -Wconversion -Wno-sign-conversion -Wvla -Wdouble-promotion -Wno-system-headers    -o CMakeFiles\cmTC_e2d1a.dir\CheckSymbolExists.c.obj   -c D:\Projets\racedriver\old_driver\curl\CMakeFiles\CMakeTmp\CheckSymbolExists.c
In file included from D:/mingw-w64/i686-w64-mingw32/include/ws2tcpip.h:17:0,
                 from D:\Projets\racedriver\old_driver\curl\CMakeFiles\CMakeTmp\CheckSymbolExists.c:4:
D:/mingw-w64/i686-w64-mingw32/include/winsock2.h:15:2: warning: #warning Please include winsock2.h before windows.h [-Wcpp]
 #warning Please include winsock2.h before windows.h
  ^~~~~~~
D:\Projets\racedriver\old_driver\curl\CMakeFiles\CMakeTmp\CheckSymbolExists.c: In function 'main':
D:\Projets\racedriver\old_driver\curl\CMakeFiles\CMakeTmp\CheckSymbolExists.c:33:19: error: 'ftruncate' undeclared (first use in this function); did you mean 'strncat'?
   return ((int*)(&ftruncate))[argc];
                   ^~~~~~~~~
                   strncat
D:\Projets\racedriver\old_driver\curl\CMakeFiles\CMakeTmp\CheckSymbolExists.c:33:19: note: each undeclared identifier is reported only once for each function it appears in
D:\Projets\racedriver\old_driver\curl\CMakeFiles\CMakeTmp\CheckSymbolExists.c:29:14: warning: parameter 'argc' set but not used [-Wunused-but-set-parameter]
 int main(int argc, char** argv)
              ^~~~
mingw32-make.exe[1]: *** [CMakeFiles\cmTC_e2d1a.dir\build.make:65: CMakeFiles/cmTC_e2d1a.dir/CheckSymbolExists.c.obj] Error 1
mingw32-make.exe[1]: Leaving directory 'D:/Projets/racedriver/old_driver/curl/CMakeFiles/CMakeTmp'
mingw32-make.exe: *** [Makefile:125: cmTC_e2d1a/fast] Error 2

File D:/Projets/racedriver/old_driver/curl/CMakeFiles/CMakeTmp/CheckSymbolExists.c:
/* */
#include <windows.h>
#include <winsock.h>
#include <ws2tcpip.h>
#include <winsock2.h>
#include <stdio.h>
#include <sys/stat.h>
#include <sys/types.h>
#include <sys/utime.h>
#include <assert.h>
#include <errno.h>
#include <fcntl.h>
#include <io.h>
#include <libgen.h>
#include <limits.h>
#include <locale.h>
#include <setjmp.h>
#include <signal.h>
#include <stdbool.h>
#include <stdio.h>
#include <stdlib.h>
#include <string.h>
#include <time.h>
#include <process.h>
#include <stddef.h>
#include <malloc.h>
#include <memory.h>

int main(int argc, char** argv)
{
  (void)argv;
#ifndef ftruncate
  return ((int*)(&ftruncate))[argc];
#else
  (void)argc;
  return 0;
#endif
}

Determining if the getrlimit exist failed with the following output:
Change Dir: D:/Projets/racedriver/old_driver/curl/CMakeFiles/CMakeTmp

Run Build Command:"D:/mingw-w64/bin/mingw32-make.exe" "cmTC_262d9/fast"
D:/mingw-w64/bin/mingw32-make.exe -f CMakeFiles\cmTC_262d9.dir\build.make CMakeFiles/cmTC_262d9.dir/build
mingw32-make.exe[1]: Entering directory 'D:/Projets/racedriver/old_driver/curl/CMakeFiles/CMakeTmp'
Building C object CMakeFiles/cmTC_262d9.dir/CheckSymbolExists.c.obj
D:\mingw-w64\bin\gcc.exe -D_WINSOCKAPI_=""  -pedantic -Wall -W -Wpointer-arith -Wwrite-strings -Wunused -Wshadow -Winline -Wnested-externs -Wmissing-declarations -Wmissing-prototypes -Wno-long-long -Wfloat-equal -Wno-multichar -Wsign-compare -Wundef -Wno-format-nonliteral -Wendif-labels -Wstrict-prototypes -Wdeclaration-after-statement -Wstrict-aliasing=3 -Wcast-align -Wtype-limits -Wold-style-declaration -Wmissing-parameter-type -Wempty-body -Wclobbered -Wignored-qualifiers -Wconversion -Wno-sign-conversion -Wvla -Wdouble-promotion -Wno-system-headers    -o CMakeFiles\cmTC_262d9.dir\CheckSymbolExists.c.obj   -c D:\Projets\racedriver\old_driver\curl\CMakeFiles\CMakeTmp\CheckSymbolExists.c
In file included from D:/mingw-w64/i686-w64-mingw32/include/ws2tcpip.h:17:0,
                 from D:\Projets\racedriver\old_driver\curl\CMakeFiles\CMakeTmp\CheckSymbolExists.c:4:
D:/mingw-w64/i686-w64-mingw32/include/winsock2.h:15:2: warning: #warning Please include winsock2.h before windows.h [-Wcpp]
 #warning Please include winsock2.h before windows.h
  ^~~~~~~
D:\Projets\racedriver\old_driver\curl\CMakeFiles\CMakeTmp\CheckSymbolExists.c: In function 'main':
D:\Projets\racedriver\old_driver\curl\CMakeFiles\CMakeTmp\CheckSymbolExists.c:33:19: error: 'getrlimit' undeclared (first use in this function)
   return ((int*)(&getrlimit))[argc];
                   ^~~~~~~~~
D:\Projets\racedriver\old_driver\curl\CMakeFiles\CMakeTmp\CheckSymbolExists.c:33:19: note: each undeclared identifier is reported only once for each function it appears in
D:\Projets\racedriver\old_driver\curl\CMakeFiles\CMakeTmp\CheckSymbolExists.c:29:14: warning: parameter 'argc' set but not used [-Wunused-but-set-parameter]
 int main(int argc, char** argv)
              ^~~~
mingw32-make.exe[1]: *** [CMakeFiles\cmTC_262d9.dir\build.make:65: CMakeFiles/cmTC_262d9.dir/CheckSymbolExists.c.obj] Error 1
mingw32-make.exe[1]: Leaving directory 'D:/Projets/racedriver/old_driver/curl/CMakeFiles/CMakeTmp'
mingw32-make.exe: *** [Makefile:125: cmTC_262d9/fast] Error 2

File D:/Projets/racedriver/old_driver/curl/CMakeFiles/CMakeTmp/CheckSymbolExists.c:
/* */
#include <windows.h>
#include <winsock.h>
#include <ws2tcpip.h>
#include <winsock2.h>
#include <stdio.h>
#include <sys/stat.h>
#include <sys/types.h>
#include <sys/utime.h>
#include <assert.h>
#include <errno.h>
#include <fcntl.h>
#include <io.h>
#include <libgen.h>
#include <limits.h>
#include <locale.h>
#include <setjmp.h>
#include <signal.h>
#include <stdbool.h>
#include <stdio.h>
#include <stdlib.h>
#include <string.h>
#include <time.h>
#include <process.h>
#include <stddef.h>
#include <malloc.h>
#include <memory.h>

int main(int argc, char** argv)
{
  (void)argv;
#ifndef getrlimit
  return ((int*)(&getrlimit))[argc];
#else
  (void)argc;
  return 0;
#endif
}

Determining if the setrlimit exist failed with the following output:
Change Dir: D:/Projets/racedriver/old_driver/curl/CMakeFiles/CMakeTmp

Run Build Command:"D:/mingw-w64/bin/mingw32-make.exe" "cmTC_7c6ff/fast"
D:/mingw-w64/bin/mingw32-make.exe -f CMakeFiles\cmTC_7c6ff.dir\build.make CMakeFiles/cmTC_7c6ff.dir/build
mingw32-make.exe[1]: Entering directory 'D:/Projets/racedriver/old_driver/curl/CMakeFiles/CMakeTmp'
Building C object CMakeFiles/cmTC_7c6ff.dir/CheckSymbolExists.c.obj
D:\mingw-w64\bin\gcc.exe -D_WINSOCKAPI_=""  -pedantic -Wall -W -Wpointer-arith -Wwrite-strings -Wunused -Wshadow -Winline -Wnested-externs -Wmissing-declarations -Wmissing-prototypes -Wno-long-long -Wfloat-equal -Wno-multichar -Wsign-compare -Wundef -Wno-format-nonliteral -Wendif-labels -Wstrict-prototypes -Wdeclaration-after-statement -Wstrict-aliasing=3 -Wcast-align -Wtype-limits -Wold-style-declaration -Wmissing-parameter-type -Wempty-body -Wclobbered -Wignored-qualifiers -Wconversion -Wno-sign-conversion -Wvla -Wdouble-promotion -Wno-system-headers    -o CMakeFiles\cmTC_7c6ff.dir\CheckSymbolExists.c.obj   -c D:\Projets\racedriver\old_driver\curl\CMakeFiles\CMakeTmp\CheckSymbolExists.c
In file included from D:/mingw-w64/i686-w64-mingw32/include/ws2tcpip.h:17:0,
                 from D:\Projets\racedriver\old_driver\curl\CMakeFiles\CMakeTmp\CheckSymbolExists.c:4:
D:/mingw-w64/i686-w64-mingw32/include/winsock2.h:15:2: warning: #warning Please include winsock2.h before windows.h [-Wcpp]
 #warning Please include winsock2.h before windows.h
  ^~~~~~~
D:\Projets\racedriver\old_driver\curl\CMakeFiles\CMakeTmp\CheckSymbolExists.c: In function 'main':
D:\Projets\racedriver\old_driver\curl\CMakeFiles\CMakeTmp\CheckSymbolExists.c:33:19: error: 'setrlimit' undeclared (first use in this function)
   return ((int*)(&setrlimit))[argc];
                   ^~~~~~~~~
D:\Projets\racedriver\old_driver\curl\CMakeFiles\CMakeTmp\CheckSymbolExists.c:33:19: note: each undeclared identifier is reported only once for each function it appears in
D:\Projets\racedriver\old_driver\curl\CMakeFiles\CMakeTmp\CheckSymbolExists.c:29:14: warning: parameter 'argc' set but not used [-Wunused-but-set-parameter]
 int main(int argc, char** argv)
              ^~~~
mingw32-make.exe[1]: *** [CMakeFiles\cmTC_7c6ff.dir\build.make:65: CMakeFiles/cmTC_7c6ff.dir/CheckSymbolExists.c.obj] Error 1
mingw32-make.exe[1]: Leaving directory 'D:/Projets/racedriver/old_driver/curl/CMakeFiles/CMakeTmp'
mingw32-make.exe: *** [Makefile:125: cmTC_7c6ff/fast] Error 2

File D:/Projets/racedriver/old_driver/curl/CMakeFiles/CMakeTmp/CheckSymbolExists.c:
/* */
#include <windows.h>
#include <winsock.h>
#include <ws2tcpip.h>
#include <winsock2.h>
#include <stdio.h>
#include <sys/stat.h>
#include <sys/types.h>
#include <sys/utime.h>
#include <assert.h>
#include <errno.h>
#include <fcntl.h>
#include <io.h>
#include <libgen.h>
#include <limits.h>
#include <locale.h>
#include <setjmp.h>
#include <signal.h>
#include <stdbool.h>
#include <stdio.h>
#include <stdlib.h>
#include <string.h>
#include <time.h>
#include <process.h>
#include <stddef.h>
#include <malloc.h>
#include <memory.h>

int main(int argc, char** argv)
{
  (void)argv;
#ifndef setrlimit
  return ((int*)(&setrlimit))[argc];
#else
  (void)argc;
  return 0;
#endif
}

Determining if the fcntl exist failed with the following output:
Change Dir: D:/Projets/racedriver/old_driver/curl/CMakeFiles/CMakeTmp

Run Build Command:"D:/mingw-w64/bin/mingw32-make.exe" "cmTC_92406/fast"
D:/mingw-w64/bin/mingw32-make.exe -f CMakeFiles\cmTC_92406.dir\build.make CMakeFiles/cmTC_92406.dir/build
mingw32-make.exe[1]: Entering directory 'D:/Projets/racedriver/old_driver/curl/CMakeFiles/CMakeTmp'
Building C object CMakeFiles/cmTC_92406.dir/CheckSymbolExists.c.obj
D:\mingw-w64\bin\gcc.exe -D_WINSOCKAPI_=""  -pedantic -Wall -W -Wpointer-arith -Wwrite-strings -Wunused -Wshadow -Winline -Wnested-externs -Wmissing-declarations -Wmissing-prototypes -Wno-long-long -Wfloat-equal -Wno-multichar -Wsign-compare -Wundef -Wno-format-nonliteral -Wendif-labels -Wstrict-prototypes -Wdeclaration-after-statement -Wstrict-aliasing=3 -Wcast-align -Wtype-limits -Wold-style-declaration -Wmissing-parameter-type -Wempty-body -Wclobbered -Wignored-qualifiers -Wconversion -Wno-sign-conversion -Wvla -Wdouble-promotion -Wno-system-headers    -o CMakeFiles\cmTC_92406.dir\CheckSymbolExists.c.obj   -c D:\Projets\racedriver\old_driver\curl\CMakeFiles\CMakeTmp\CheckSymbolExists.c
In file included from D:/mingw-w64/i686-w64-mingw32/include/ws2tcpip.h:17:0,
                 from D:\Projets\racedriver\old_driver\curl\CMakeFiles\CMakeTmp\CheckSymbolExists.c:4:
D:/mingw-w64/i686-w64-mingw32/include/winsock2.h:15:2: warning: #warning Please include winsock2.h before windows.h [-Wcpp]
 #warning Please include winsock2.h before windows.h
  ^~~~~~~
D:\Projets\racedriver\old_driver\curl\CMakeFiles\CMakeTmp\CheckSymbolExists.c: In function 'main':
D:\Projets\racedriver\old_driver\curl\CMakeFiles\CMakeTmp\CheckSymbolExists.c:33:19: error: 'fcntl' undeclared (first use in this function); did you mean 'fcvt'?
   return ((int*)(&fcntl))[argc];
                   ^~~~~
                   fcvt
D:\Projets\racedriver\old_driver\curl\CMakeFiles\CMakeTmp\CheckSymbolExists.c:33:19: note: each undeclared identifier is reported only once for each function it appears in
D:\Projets\racedriver\old_driver\curl\CMakeFiles\CMakeTmp\CheckSymbolExists.c:29:14: warning: parameter 'argc' set but not used [-Wunused-but-set-parameter]
 int main(int argc, char** argv)
              ^~~~
mingw32-make.exe[1]: *** [CMakeFiles\cmTC_92406.dir\build.make:65: CMakeFiles/cmTC_92406.dir/CheckSymbolExists.c.obj] Error 1
mingw32-make.exe[1]: Leaving directory 'D:/Projets/racedriver/old_driver/curl/CMakeFiles/CMakeTmp'
mingw32-make.exe: *** [Makefile:125: cmTC_92406/fast] Error 2

File D:/Projets/racedriver/old_driver/curl/CMakeFiles/CMakeTmp/CheckSymbolExists.c:
/* */
#include <windows.h>
#include <winsock.h>
#include <ws2tcpip.h>
#include <winsock2.h>
#include <stdio.h>
#include <sys/stat.h>
#include <sys/types.h>
#include <sys/utime.h>
#include <assert.h>
#include <errno.h>
#include <fcntl.h>
#include <io.h>
#include <libgen.h>
#include <limits.h>
#include <locale.h>
#include <setjmp.h>
#include <signal.h>
#include <stdbool.h>
#include <stdio.h>
#include <stdlib.h>
#include <string.h>
#include <time.h>
#include <process.h>
#include <stddef.h>
#include <malloc.h>
#include <memory.h>

int main(int argc, char** argv)
{
  (void)argv;
#ifndef fcntl
  return ((int*)(&fcntl))[argc];
#else
  (void)argc;
  return 0;
#endif
}

Determining if the ioctl exist failed with the following output:
Change Dir: D:/Projets/racedriver/old_driver/curl/CMakeFiles/CMakeTmp

Run Build Command:"D:/mingw-w64/bin/mingw32-make.exe" "cmTC_f4391/fast"
D:/mingw-w64/bin/mingw32-make.exe -f CMakeFiles\cmTC_f4391.dir\build.make CMakeFiles/cmTC_f4391.dir/build
mingw32-make.exe[1]: Entering directory 'D:/Projets/racedriver/old_driver/curl/CMakeFiles/CMakeTmp'
Building C object CMakeFiles/cmTC_f4391.dir/CheckSymbolExists.c.obj
D:\mingw-w64\bin\gcc.exe -D_WINSOCKAPI_=""  -pedantic -Wall -W -Wpointer-arith -Wwrite-strings -Wunused -Wshadow -Winline -Wnested-externs -Wmissing-declarations -Wmissing-prototypes -Wno-long-long -Wfloat-equal -Wno-multichar -Wsign-compare -Wundef -Wno-format-nonliteral -Wendif-labels -Wstrict-prototypes -Wdeclaration-after-statement -Wstrict-aliasing=3 -Wcast-align -Wtype-limits -Wold-style-declaration -Wmissing-parameter-type -Wempty-body -Wclobbered -Wignored-qualifiers -Wconversion -Wno-sign-conversion -Wvla -Wdouble-promotion -Wno-system-headers    -o CMakeFiles\cmTC_f4391.dir\CheckSymbolExists.c.obj   -c D:\Projets\racedriver\old_driver\curl\CMakeFiles\CMakeTmp\CheckSymbolExists.c
In file included from D:/mingw-w64/i686-w64-mingw32/include/ws2tcpip.h:17:0,
                 from D:\Projets\racedriver\old_driver\curl\CMakeFiles\CMakeTmp\CheckSymbolExists.c:4:
D:/mingw-w64/i686-w64-mingw32/include/winsock2.h:15:2: warning: #warning Please include winsock2.h before windows.h [-Wcpp]
 #warning Please include winsock2.h before windows.h
  ^~~~~~~
D:\Projets\racedriver\old_driver\curl\CMakeFiles\CMakeTmp\CheckSymbolExists.c: In function 'main':
D:\Projets\racedriver\old_driver\curl\CMakeFiles\CMakeTmp\CheckSymbolExists.c:33:19: error: 'ioctl' undeclared (first use in this function)
   return ((int*)(&ioctl))[argc];
                   ^~~~~
D:\Projets\racedriver\old_driver\curl\CMakeFiles\CMakeTmp\CheckSymbolExists.c:33:19: note: each undeclared identifier is reported only once for each function it appears in
D:\Projets\racedriver\old_driver\curl\CMakeFiles\CMakeTmp\CheckSymbolExists.c:29:14: warning: parameter 'argc' set but not used [-Wunused-but-set-parameter]
 int main(int argc, char** argv)
              ^~~~
mingw32-make.exe[1]: *** [CMakeFiles\cmTC_f4391.dir\build.make:65: CMakeFiles/cmTC_f4391.dir/CheckSymbolExists.c.obj] Error 1
mingw32-make.exe[1]: Leaving directory 'D:/Projets/racedriver/old_driver/curl/CMakeFiles/CMakeTmp'
mingw32-make.exe: *** [Makefile:125: cmTC_f4391/fast] Error 2

File D:/Projets/racedriver/old_driver/curl/CMakeFiles/CMakeTmp/CheckSymbolExists.c:
/* */
#include <windows.h>
#include <winsock.h>
#include <ws2tcpip.h>
#include <winsock2.h>
#include <stdio.h>
#include <sys/stat.h>
#include <sys/types.h>
#include <sys/utime.h>
#include <assert.h>
#include <errno.h>
#include <fcntl.h>
#include <io.h>
#include <libgen.h>
#include <limits.h>
#include <locale.h>
#include <setjmp.h>
#include <signal.h>
#include <stdbool.h>
#include <stdio.h>
#include <stdlib.h>
#include <string.h>
#include <time.h>
#include <process.h>
#include <stddef.h>
#include <malloc.h>
#include <memory.h>

int main(int argc, char** argv)
{
  (void)argv;
#ifndef ioctl
  return ((int*)(&ioctl))[argc];
#else
  (void)argc;
  return 0;
#endif
}

Determining if the function inet_pton exists failed with the following output:
Change Dir: D:/Projets/racedriver/old_driver/curl/CMakeFiles/CMakeTmp

Run Build Command:"D:/mingw-w64/bin/mingw32-make.exe" "cmTC_3c83b/fast"
D:/mingw-w64/bin/mingw32-make.exe -f CMakeFiles\cmTC_3c83b.dir\build.make CMakeFiles/cmTC_3c83b.dir/build
mingw32-make.exe[1]: Entering directory 'D:/Projets/racedriver/old_driver/curl/CMakeFiles/CMakeTmp'
Building C object CMakeFiles/cmTC_3c83b.dir/CheckFunctionExists.c.obj
D:\mingw-w64\bin\gcc.exe -D_WINSOCKAPI_=""  -pedantic -Wall -W -Wpointer-arith -Wwrite-strings -Wunused -Wshadow -Winline -Wnested-externs -Wmissing-declarations -Wmissing-prototypes -Wno-long-long -Wfloat-equal -Wno-multichar -Wsign-compare -Wundef -Wno-format-nonliteral -Wendif-labels -Wstrict-prototypes -Wdeclaration-after-statement -Wstrict-aliasing=3 -Wcast-align -Wtype-limits -Wold-style-declaration -Wmissing-parameter-type -Wempty-body -Wclobbered -Wignored-qualifiers -Wconversion -Wno-sign-conversion -Wvla -Wdouble-promotion -Wno-system-headers -DCHECK_FUNCTION_EXISTS=inet_pton   -o CMakeFiles\cmTC_3c83b.dir\CheckFunctionExists.c.obj   -c "C:\Program Files\CMake\share\cmake-3.9\Modules\CheckFunctionExists.c"
Linking C executable cmTC_3c83b.exe
"C:\Program Files\CMake\bin\cmake.exe" -E cmake_link_script CMakeFiles\cmTC_3c83b.dir\link.txt --verbose=1
"C:\Program Files\CMake\bin\cmake.exe" -E remove -f CMakeFiles\cmTC_3c83b.dir/objects.a
D:\mingw-w64\bin\ar.exe cr CMakeFiles\cmTC_3c83b.dir/objects.a @CMakeFiles\cmTC_3c83b.dir\objects1.rsp
D:\mingw-w64\bin\gcc.exe   -pedantic -Wall -W -Wpointer-arith -Wwrite-strings -Wunused -Wshadow -Winline -Wnested-externs -Wmissing-declarations -Wmissing-prototypes -Wno-long-long -Wfloat-equal -Wno-multichar -Wsign-compare -Wundef -Wno-format-nonliteral -Wendif-labels -Wstrict-prototypes -Wdeclaration-after-statement -Wstrict-aliasing=3 -Wcast-align -Wtype-limits -Wold-style-declaration -Wmissing-parameter-type -Wempty-body -Wclobbered -Wignored-qualifiers -Wconversion -Wno-sign-conversion -Wvla -Wdouble-promotion -Wno-system-headers -DCHECK_FUNCTION_EXISTS=inet_pton    -Wl,--whole-archive CMakeFiles\cmTC_3c83b.dir/objects.a -Wl,--no-whole-archive  -o cmTC_3c83b.exe -Wl,--out-implib,libcmTC_3c83b.dll.a -Wl,--major-image-version,0,--minor-image-version,0 @CMakeFiles\cmTC_3c83b.dir\linklibs.rsp
CMakeFiles\cmTC_3c83b.dir/objects.a(CheckFunctionExists.c.obj):CheckFunctionExists.c:(.text+0xc): undefined reference to `inet_pton'
collect2.exe: error: ld returned 1 exit status
mingw32-make.exe[1]: *** [CMakeFiles\cmTC_3c83b.dir\build.make:99: cmTC_3c83b.exe] Error 1
mingw32-make.exe[1]: Leaving directory 'D:/Projets/racedriver/old_driver/curl/CMakeFiles/CMakeTmp'
mingw32-make.exe: *** [Makefile:125: cmTC_3c83b/fast] Error 2


Determining if the fsetxattr exist failed with the following output:
Change Dir: D:/Projets/racedriver/old_driver/curl/CMakeFiles/CMakeTmp

Run Build Command:"D:/mingw-w64/bin/mingw32-make.exe" "cmTC_2aa65/fast"
D:/mingw-w64/bin/mingw32-make.exe -f CMakeFiles\cmTC_2aa65.dir\build.make CMakeFiles/cmTC_2aa65.dir/build
mingw32-make.exe[1]: Entering directory 'D:/Projets/racedriver/old_driver/curl/CMakeFiles/CMakeTmp'
Building C object CMakeFiles/cmTC_2aa65.dir/CheckSymbolExists.c.obj
D:\mingw-w64\bin\gcc.exe -D_WINSOCKAPI_=""  -pedantic -Wall -W -Wpointer-arith -Wwrite-strings -Wunused -Wshadow -Winline -Wnested-externs -Wmissing-declarations -Wmissing-prototypes -Wno-long-long -Wfloat-equal -Wno-multichar -Wsign-compare -Wundef -Wno-format-nonliteral -Wendif-labels -Wstrict-prototypes -Wdeclaration-after-statement -Wstrict-aliasing=3 -Wcast-align -Wtype-limits -Wold-style-declaration -Wmissing-parameter-type -Wempty-body -Wclobbered -Wignored-qualifiers -Wconversion -Wno-sign-conversion -Wvla -Wdouble-promotion -Wno-system-headers    -o CMakeFiles\cmTC_2aa65.dir\CheckSymbolExists.c.obj   -c D:\Projets\racedriver\old_driver\curl\CMakeFiles\CMakeTmp\CheckSymbolExists.c
In file included from D:/mingw-w64/i686-w64-mingw32/include/ws2tcpip.h:17:0,
                 from D:\Projets\racedriver\old_driver\curl\CMakeFiles\CMakeTmp\CheckSymbolExists.c:4:
D:/mingw-w64/i686-w64-mingw32/include/winsock2.h:15:2: warning: #warning Please include winsock2.h before windows.h [-Wcpp]
 #warning Please include winsock2.h before windows.h
  ^~~~~~~
D:\Projets\racedriver\old_driver\curl\CMakeFiles\CMakeTmp\CheckSymbolExists.c: In function 'main':
D:\Projets\racedriver\old_driver\curl\CMakeFiles\CMakeTmp\CheckSymbolExists.c:33:19: error: 'fsetxattr' undeclared (first use in this function); did you mean 'fstat'?
   return ((int*)(&fsetxattr))[argc];
                   ^~~~~~~~~
                   fstat
D:\Projets\racedriver\old_driver\curl\CMakeFiles\CMakeTmp\CheckSymbolExists.c:33:19: note: each undeclared identifier is reported only once for each function it appears in
D:\Projets\racedriver\old_driver\curl\CMakeFiles\CMakeTmp\CheckSymbolExists.c:29:14: warning: parameter 'argc' set but not used [-Wunused-but-set-parameter]
 int main(int argc, char** argv)
              ^~~~
mingw32-make.exe[1]: *** [CMakeFiles\cmTC_2aa65.dir\build.make:65: CMakeFiles/cmTC_2aa65.dir/CheckSymbolExists.c.obj] Error 1
mingw32-make.exe[1]: Leaving directory 'D:/Projets/racedriver/old_driver/curl/CMakeFiles/CMakeTmp'
mingw32-make.exe: *** [Makefile:125: cmTC_2aa65/fast] Error 2

File D:/Projets/racedriver/old_driver/curl/CMakeFiles/CMakeTmp/CheckSymbolExists.c:
/* */
#include <windows.h>
#include <winsock.h>
#include <ws2tcpip.h>
#include <winsock2.h>
#include <stdio.h>
#include <sys/stat.h>
#include <sys/types.h>
#include <sys/utime.h>
#include <assert.h>
#include <errno.h>
#include <fcntl.h>
#include <io.h>
#include <libgen.h>
#include <limits.h>
#include <locale.h>
#include <setjmp.h>
#include <signal.h>
#include <stdbool.h>
#include <stdio.h>
#include <stdlib.h>
#include <string.h>
#include <time.h>
#include <process.h>
#include <stddef.h>
#include <malloc.h>
#include <memory.h>

int main(int argc, char** argv)
{
  (void)argv;
#ifndef fsetxattr
  return ((int*)(&fsetxattr))[argc];
#else
  (void)argc;
  return 0;
#endif
}

Performing Curl Test HAVE_FCNTL_O_NONBLOCK failed with the following output:
Change Dir: D:/Projets/racedriver/old_driver/curl/CMakeFiles/CMakeTmp

Run Build Command:"D:/mingw-w64/bin/mingw32-make.exe" "cmTC_29444/fast"
D:/mingw-w64/bin/mingw32-make.exe -f CMakeFiles\cmTC_29444.dir\build.make CMakeFiles/cmTC_29444.dir/build
mingw32-make.exe[1]: Entering directory 'D:/Projets/racedriver/old_driver/curl/CMakeFiles/CMakeTmp'
Building C object CMakeFiles/cmTC_29444.dir/CurlTests.c.obj
D:\mingw-w64\bin\gcc.exe   -pedantic -Wall -W -Wpointer-arith -Wwrite-strings -Wunused -Wshadow -Winline -Wnested-externs -Wmissing-declarations -Wmissing-prototypes -Wno-long-long -Wfloat-equal -Wno-multichar -Wsign-compare -Wundef -Wno-format-nonliteral -Wendif-labels -Wstrict-prototypes -Wdeclaration-after-statement -Wstrict-aliasing=3 -Wcast-align -Wtype-limits -Wold-style-declaration -Wmissing-parameter-type -Wempty-body -Wclobbered -Wignored-qualifiers -Wconversion -Wno-sign-conversion -Wvla -Wdouble-promotion -Wno-system-headers -DHAVE_FCNTL_O_NONBLOCK  -DHAVE_WINDOWS_H -DHAVE_WINSOCK_H -DHAVE_WS2TCPIP_H -DHAVE_WINSOCK2_H -DHAVE_STDIO_H -DHAVE_SYS_STAT_H -DHAVE_SYS_TYPES_H -DHAVE_SYS_UTIME_H -DHAVE_ASSERT_H -DHAVE_ERRNO_H -DHAVE_FCNTL_H -DHAVE_IO_H -DHAVE_LIBGEN_H -DHAVE_LIMITS_H -DHAVE_LOCALE_H -DHAVE_SETJMP_H -DHAVE_SIGNAL_H -DHAVE_STDBOOL_H -DHAVE_STDIO_H -DHAVE_STDLIB_H -DHAVE_STRING_H -DHAVE_TIME_H -DHAVE_PROCESS_H -DHAVE_STDDEF_H -DHAVE_MALLOC_H -DHAVE_MEMORY_H   -o CMakeFiles\cmTC_29444.dir\CurlTests.c.obj   -c D:\Projets\racedriver\old_driver\curl\CMake\CurlTests.c
D:\Projets\racedriver\old_driver\curl\CMake\CurlTests.c:64:1: warning: function declaration isn't a prototype [-Wstrict-prototypes]
 main ()
 ^~~~
D:\Projets\racedriver\old_driver\curl\CMake\CurlTests.c: In function 'main':
D:\Projets\racedriver\old_driver\curl\CMake\CurlTests.c:68:15: warning: implicit declaration of function 'fcntl' [-Wimplicit-function-declaration]
       if(0 != fcntl(0, F_SETFL, flags | O_NONBLOCK))
               ^~~~~
D:\Projets\racedriver\old_driver\curl\CMake\CurlTests.c:68:15: warning: nested extern declaration of 'fcntl' [-Wnested-externs]
D:\Projets\racedriver\old_driver\curl\CMake\CurlTests.c:68:24: error: 'F_SETFL' undeclared (first use in this function)
       if(0 != fcntl(0, F_SETFL, flags | O_NONBLOCK))
                        ^~~~~~~
D:\Projets\racedriver\old_driver\curl\CMake\CurlTests.c:68:24: note: each undeclared identifier is reported only once for each function it appears in
D:\Projets\racedriver\old_driver\curl\CMake\CurlTests.c:68:41: error: 'O_NONBLOCK' undeclared (first use in this function)
       if(0 != fcntl(0, F_SETFL, flags | O_NONBLOCK))
                                         ^~~~~~~~~~
mingw32-make.exe[1]: *** [CMakeFiles\cmTC_29444.dir\build.make:65: CMakeFiles/cmTC_29444.dir/CurlTests.c.obj] Error 1
mingw32-make.exe[1]: Leaving directory 'D:/Projets/racedriver/old_driver/curl/CMakeFiles/CMakeTmp'
mingw32-make.exe: *** [Makefile:125: cmTC_29444/fast] Error 2

Performing Curl Test HAVE_IOCTLSOCKET_CAMEL failed with the following output:
Change Dir: D:/Projets/racedriver/old_driver/curl/CMakeFiles/CMakeTmp

Run Build Command:"D:/mingw-w64/bin/mingw32-make.exe" "cmTC_6959a/fast"
D:/mingw-w64/bin/mingw32-make.exe -f CMakeFiles\cmTC_6959a.dir\build.make CMakeFiles/cmTC_6959a.dir/build
mingw32-make.exe[1]: Entering directory 'D:/Projets/racedriver/old_driver/curl/CMakeFiles/CMakeTmp'
Building C object CMakeFiles/cmTC_6959a.dir/CurlTests.c.obj
D:\mingw-w64\bin\gcc.exe   -pedantic -Wall -W -Wpointer-arith -Wwrite-strings -Wunused -Wshadow -Winline -Wnested-externs -Wmissing-declarations -Wmissing-prototypes -Wno-long-long -Wfloat-equal -Wno-multichar -Wsign-compare -Wundef -Wno-format-nonliteral -Wendif-labels -Wstrict-prototypes -Wdeclaration-after-statement -Wstrict-aliasing=3 -Wcast-align -Wtype-limits -Wold-style-declaration -Wmissing-parameter-type -Wempty-body -Wclobbered -Wignored-qualifiers -Wconversion -Wno-sign-conversion -Wvla -Wdouble-promotion -Wno-system-headers -DHAVE_IOCTLSOCKET_CAMEL  -DHAVE_WINDOWS_H -DHAVE_WINSOCK_H -DHAVE_WS2TCPIP_H -DHAVE_WINSOCK2_H -DHAVE_STDIO_H -DHAVE_SYS_STAT_H -DHAVE_SYS_TYPES_H -DHAVE_SYS_UTIME_H -DHAVE_ASSERT_H -DHAVE_ERRNO_H -DHAVE_FCNTL_H -DHAVE_IO_H -DHAVE_LIBGEN_H -DHAVE_LIMITS_H -DHAVE_LOCALE_H -DHAVE_SETJMP_H -DHAVE_SIGNAL_H -DHAVE_STDBOOL_H -DHAVE_STDIO_H -DHAVE_STDLIB_H -DHAVE_STRING_H -DHAVE_TIME_H -DHAVE_PROCESS_H -DHAVE_STDDEF_H -DHAVE_MALLOC_H -DHAVE_MEMORY_H   -o CMakeFiles\cmTC_6959a.dir\CurlTests.c.obj   -c D:\Projets\racedriver\old_driver\curl\CMake\CurlTests.c
D:\Projets\racedriver\old_driver\curl\CMake\CurlTests.c:346:1: warning: function declaration isn't a prototype [-Wstrict-prototypes]
 main ()
 ^~~~
D:\Projets\racedriver\old_driver\curl\CMake\CurlTests.c: In function 'main':
D:\Projets\racedriver\old_driver\curl\CMake\CurlTests.c:350:13: warning: implicit declaration of function 'IoctlSocket'; did you mean 'ioctlsocket'? [-Wimplicit-function-declaration]
     if(0 != IoctlSocket(0, 0, 0))
             ^~~~~~~~~~~
             ioctlsocket
D:\Projets\racedriver\old_driver\curl\CMake\CurlTests.c:350:13: warning: nested extern declaration of 'IoctlSocket' [-Wnested-externs]
Linking C executable cmTC_6959a.exe
"C:\Program Files\CMake\bin\cmake.exe" -E cmake_link_script CMakeFiles\cmTC_6959a.dir\link.txt --verbose=1
"C:\Program Files\CMake\bin\cmake.exe" -E remove -f CMakeFiles\cmTC_6959a.dir/objects.a
D:\mingw-w64\bin\ar.exe cr CMakeFiles\cmTC_6959a.dir/objects.a @CMakeFiles\cmTC_6959a.dir\objects1.rsp
D:\mingw-w64\bin\gcc.exe   -pedantic -Wall -W -Wpointer-arith -Wwrite-strings -Wunused -Wshadow -Winline -Wnested-externs -Wmissing-declarations -Wmissing-prototypes -Wno-long-long -Wfloat-equal -Wno-multichar -Wsign-compare -Wundef -Wno-format-nonliteral -Wendif-labels -Wstrict-prototypes -Wdeclaration-after-statement -Wstrict-aliasing=3 -Wcast-align -Wtype-limits -Wold-style-declaration -Wmissing-parameter-type -Wempty-body -Wclobbered -Wignored-qualifiers -Wconversion -Wno-sign-conversion -Wvla -Wdouble-promotion -Wno-system-headers -DHAVE_IOCTLSOCKET_CAMEL  -DHAVE_WINDOWS_H -DHAVE_WINSOCK_H -DHAVE_WS2TCPIP_H -DHAVE_WINSOCK2_H -DHAVE_STDIO_H -DHAVE_SYS_STAT_H -DHAVE_SYS_TYPES_H -DHAVE_SYS_UTIME_H -DHAVE_ASSERT_H -DHAVE_ERRNO_H -DHAVE_FCNTL_H -DHAVE_IO_H -DHAVE_LIBGEN_H -DHAVE_LIMITS_H -DHAVE_LOCALE_H -DHAVE_SETJMP_H -DHAVE_SIGNAL_H -DHAVE_STDBOOL_H -DHAVE_STDIO_H -DHAVE_STDLIB_H -DHAVE_STRING_H -DHAVE_TIME_H -DHAVE_PROCESS_H -DHAVE_STDDEF_H -DHAVE_MALLOC_H -DHAVE_MEMORY_H    -Wl,--whole-archive CMakeFiles\cmTC_6959a.dir/objects.a -Wl,--no-whole-archive  -o cmTC_6959a.exe -Wl,--out-implib,libcmTC_6959a.dll.a -Wl,--major-image-version,0,--minor-image-version,0 @CMakeFiles\cmTC_6959a.dir\linklibs.rsp
CMakeFiles\cmTC_6959a.dir/objects.a(CurlTests.c.obj):CurlTests.c:(.text+0x26): undefined reference to `IoctlSocket'
collect2.exe: error: ld returned 1 exit status
mingw32-make.exe[1]: *** [CMakeFiles\cmTC_6959a.dir\build.make:99: cmTC_6959a.exe] Error 1
mingw32-make.exe[1]: Leaving directory 'D:/Projets/racedriver/old_driver/curl/CMakeFiles/CMakeTmp'
mingw32-make.exe: *** [Makefile:125: cmTC_6959a/fast] Error 2

Performing Curl Test HAVE_IOCTL_FIONBIO failed with the following output:
Change Dir: D:/Projets/racedriver/old_driver/curl/CMakeFiles/CMakeTmp

Run Build Command:"D:/mingw-w64/bin/mingw32-make.exe" "cmTC_62ec4/fast"
D:/mingw-w64/bin/mingw32-make.exe -f CMakeFiles\cmTC_62ec4.dir\build.make CMakeFiles/cmTC_62ec4.dir/build
mingw32-make.exe[1]: Entering directory 'D:/Projets/racedriver/old_driver/curl/CMakeFiles/CMakeTmp'
Building C object CMakeFiles/cmTC_62ec4.dir/CurlTests.c.obj
D:\mingw-w64\bin\gcc.exe   -pedantic -Wall -W -Wpointer-arith -Wwrite-strings -Wunused -Wshadow -Winline -Wnested-externs -Wmissing-declarations -Wmissing-prototypes -Wno-long-long -Wfloat-equal -Wno-multichar -Wsign-compare -Wundef -Wno-format-nonliteral -Wendif-labels -Wstrict-prototypes -Wdeclaration-after-statement -Wstrict-aliasing=3 -Wcast-align -Wtype-limits -Wold-style-declaration -Wmissing-parameter-type -Wempty-body -Wclobbered -Wignored-qualifiers -Wconversion -Wno-sign-conversion -Wvla -Wdouble-promotion -Wno-system-headers -DHAVE_IOCTL_FIONBIO  -DHAVE_WINDOWS_H -DHAVE_WINSOCK_H -DHAVE_WS2TCPIP_H -DHAVE_WINSOCK2_H -DHAVE_STDIO_H -DHAVE_SYS_STAT_H -DHAVE_SYS_TYPES_H -DHAVE_SYS_UTIME_H -DHAVE_ASSERT_H -DHAVE_ERRNO_H -DHAVE_FCNTL_H -DHAVE_IO_H -DHAVE_LIBGEN_H -DHAVE_LIMITS_H -DHAVE_LOCALE_H -DHAVE_SETJMP_H -DHAVE_SIGNAL_H -DHAVE_STDBOOL_H -DHAVE_STDIO_H -DHAVE_STDLIB_H -DHAVE_STRING_H -DHAVE_TIME_H -DHAVE_PROCESS_H -DHAVE_STDDEF_H -DHAVE_MALLOC_H -DHAVE_MEMORY_H   -o CMakeFiles\cmTC_62ec4.dir\CurlTests.c.obj   -c D:\Projets\racedriver\old_driver\curl\CMake\CurlTests.c
D:\Projets\racedriver\old_driver\curl\CMake\CurlTests.c:432:1: warning: function declaration isn't a prototype [-Wstrict-prototypes]
 main ()
 ^~~~
D:\Projets\racedriver\old_driver\curl\CMake\CurlTests.c: In function 'main':
D:\Projets\racedriver\old_driver\curl\CMake\CurlTests.c:436:17: warning: implicit declaration of function 'ioctl' [-Wimplicit-function-declaration]
         if(0 != ioctl(0, FIONBIO, &flags))
                 ^~~~~
D:\Projets\racedriver\old_driver\curl\CMake\CurlTests.c:436:17: warning: nested extern declaration of 'ioctl' [-Wnested-externs]
D:\Projets\racedriver\old_driver\curl\CMake\CurlTests.c:436:26: error: 'FIONBIO' undeclared (first use in this function)
         if(0 != ioctl(0, FIONBIO, &flags))
                          ^~~~~~~
D:\Projets\racedriver\old_driver\curl\CMake\CurlTests.c:436:26: note: each undeclared identifier is reported only once for each function it appears in
mingw32-make.exe[1]: *** [CMakeFiles\cmTC_62ec4.dir\build.make:65: CMakeFiles/cmTC_62ec4.dir/CurlTests.c.obj] Error 1
mingw32-make.exe[1]: Leaving directory 'D:/Projets/racedriver/old_driver/curl/CMakeFiles/CMakeTmp'
mingw32-make.exe: *** [Makefile:125: cmTC_62ec4/fast] Error 2

Performing Curl Test HAVE_IOCTL_SIOCGIFADDR failed with the following output:
Change Dir: D:/Projets/racedriver/old_driver/curl/CMakeFiles/CMakeTmp

Run Build Command:"D:/mingw-w64/bin/mingw32-make.exe" "cmTC_797c1/fast"
D:/mingw-w64/bin/mingw32-make.exe -f CMakeFiles\cmTC_797c1.dir\build.make CMakeFiles/cmTC_797c1.dir/build
mingw32-make.exe[1]: Entering directory 'D:/Projets/racedriver/old_driver/curl/CMakeFiles/CMakeTmp'
Building C object CMakeFiles/cmTC_797c1.dir/CurlTests.c.obj
D:\mingw-w64\bin\gcc.exe   -pedantic -Wall -W -Wpointer-arith -Wwrite-strings -Wunused -Wshadow -Winline -Wnested-externs -Wmissing-declarations -Wmissing-prototypes -Wno-long-long -Wfloat-equal -Wno-multichar -Wsign-compare -Wundef -Wno-format-nonliteral -Wendif-labels -Wstrict-prototypes -Wdeclaration-after-statement -Wstrict-aliasing=3 -Wcast-align -Wtype-limits -Wold-style-declaration -Wmissing-parameter-type -Wempty-body -Wclobbered -Wignored-qualifiers -Wconversion -Wno-sign-conversion -Wvla -Wdouble-promotion -Wno-system-headers -DHAVE_IOCTL_SIOCGIFADDR  -DHAVE_WINDOWS_H -DHAVE_WINSOCK_H -DHAVE_WS2TCPIP_H -DHAVE_WINSOCK2_H -DHAVE_STDIO_H -DHAVE_SYS_STAT_H -DHAVE_SYS_TYPES_H -DHAVE_SYS_UTIME_H -DHAVE_ASSERT_H -DHAVE_ERRNO_H -DHAVE_FCNTL_H -DHAVE_IO_H -DHAVE_LIBGEN_H -DHAVE_LIMITS_H -DHAVE_LOCALE_H -DHAVE_SETJMP_H -DHAVE_SIGNAL_H -DHAVE_STDBOOL_H -DHAVE_STDIO_H -DHAVE_STDLIB_H -DHAVE_STRING_H -DHAVE_TIME_H -DHAVE_PROCESS_H -DHAVE_STDDEF_H -DHAVE_MALLOC_H -DHAVE_MEMORY_H   -o CMakeFiles\cmTC_797c1.dir\CurlTests.c.obj   -c D:\Projets\racedriver\old_driver\curl\CMake\CurlTests.c
D:\Projets\racedriver\old_driver\curl\CMake\CurlTests.c:461:10: fatal error: net/if.h: No such file or directory
 #include <net/if.h>
          ^~~~~~~~~~
compilation terminated.
mingw32-make.exe[1]: *** [CMakeFiles\cmTC_797c1.dir\build.make:65: CMakeFiles/cmTC_797c1.dir/CurlTests.c.obj] Error 1
mingw32-make.exe[1]: Leaving directory 'D:/Projets/racedriver/old_driver/curl/CMakeFiles/CMakeTmp'
mingw32-make.exe: *** [Makefile:125: cmTC_797c1/fast] Error 2

Performing Curl Test HAVE_SETSOCKOPT_SO_NONBLOCK failed with the following output:
Change Dir: D:/Projets/racedriver/old_driver/curl/CMakeFiles/CMakeTmp

Run Build Command:"D:/mingw-w64/bin/mingw32-make.exe" "cmTC_6aa36/fast"
D:/mingw-w64/bin/mingw32-make.exe -f CMakeFiles\cmTC_6aa36.dir\build.make CMakeFiles/cmTC_6aa36.dir/build
mingw32-make.exe[1]: Entering directory 'D:/Projets/racedriver/old_driver/curl/CMakeFiles/CMakeTmp'
Building C object CMakeFiles/cmTC_6aa36.dir/CurlTests.c.obj
D:\mingw-w64\bin\gcc.exe   -pedantic -Wall -W -Wpointer-arith -Wwrite-strings -Wunused -Wshadow -Winline -Wnested-externs -Wmissing-declarations -Wmissing-prototypes -Wno-long-long -Wfloat-equal -Wno-multichar -Wsign-compare -Wundef -Wno-format-nonliteral -Wendif-labels -Wstrict-prototypes -Wdeclaration-after-statement -Wstrict-aliasing=3 -Wcast-align -Wtype-limits -Wold-style-declaration -Wmissing-parameter-type -Wempty-body -Wclobbered -Wignored-qualifiers -Wconversion -Wno-sign-conversion -Wvla -Wdouble-promotion -Wno-system-headers -DHAVE_SETSOCKOPT_SO_NONBLOCK  -DHAVE_WINDOWS_H -DHAVE_WINSOCK_H -DHAVE_WS2TCPIP_H -DHAVE_WINSOCK2_H -DHAVE_STDIO_H -DHAVE_SYS_STAT_H -DHAVE_SYS_TYPES_H -DHAVE_SYS_UTIME_H -DHAVE_ASSERT_H -DHAVE_ERRNO_H -DHAVE_FCNTL_H -DHAVE_IO_H -DHAVE_LIBGEN_H -DHAVE_LIMITS_H -DHAVE_LOCALE_H -DHAVE_SETJMP_H -DHAVE_SIGNAL_H -DHAVE_STDBOOL_H -DHAVE_STDIO_H -DHAVE_STDLIB_H -DHAVE_STRING_H -DHAVE_TIME_H -DHAVE_PROCESS_H -DHAVE_STDDEF_H -DHAVE_MALLOC_H -DHAVE_MEMORY_H   -o CMakeFiles\cmTC_6aa36.dir\CurlTests.c.obj   -c D:\Projets\racedriver\old_driver\curl\CMake\CurlTests.c
D:\Projets\racedriver\old_driver\curl\CMake\CurlTests.c:499:1: warning: function declaration isn't a prototype [-Wstrict-prototypes]
 main ()
 ^~~~
D:\Projets\racedriver\old_driver\curl\CMake\CurlTests.c: In function 'main':
D:\Projets\racedriver\old_driver\curl\CMake\CurlTests.c:501:43: error: 'SO_NONBLOCK' undeclared (first use in this function); did you mean 'SMTO_BLOCK'?
         if(0 != setsockopt(0, SOL_SOCKET, SO_NONBLOCK, 0, 0))
                                           ^~~~~~~~~~~
                                           SMTO_BLOCK
D:\Projets\racedriver\old_driver\curl\CMake\CurlTests.c:501:43: note: each undeclared identifier is reported only once for each function it appears in
mingw32-make.exe[1]: *** [CMakeFiles\cmTC_6aa36.dir\build.make:65: CMakeFiles/cmTC_6aa36.dir/CurlTests.c.obj] Error 1
mingw32-make.exe[1]: Leaving directory 'D:/Projets/racedriver/old_driver/curl/CMakeFiles/CMakeTmp'
mingw32-make.exe: *** [Makefile:125: cmTC_6aa36/fast] Error 2

Performing Curl Test HAVE_SOCKADDR_IN6_SIN6_SCOPE_ID failed with the following output:
Change Dir: D:/Projets/racedriver/old_driver/curl/CMakeFiles/CMakeTmp

Run Build Command:"D:/mingw-w64/bin/mingw32-make.exe" "cmTC_b77db/fast"
D:/mingw-w64/bin/mingw32-make.exe -f CMakeFiles\cmTC_b77db.dir\build.make CMakeFiles/cmTC_b77db.dir/build
mingw32-make.exe[1]: Entering directory 'D:/Projets/racedriver/old_driver/curl/CMakeFiles/CMakeTmp'
Building C object CMakeFiles/cmTC_b77db.dir/CurlTests.c.obj
D:\mingw-w64\bin\gcc.exe   -pedantic -Wall -W -Wpointer-arith -Wwrite-strings -Wunused -Wshadow -Winline -Wnested-externs -Wmissing-declarations -Wmissing-prototypes -Wno-long-long -Wfloat-equal -Wno-multichar -Wsign-compare -Wundef -Wno-format-nonliteral -Wendif-labels -Wstrict-prototypes -Wdeclaration-after-statement -Wstrict-aliasing=3 -Wcast-align -Wtype-limits -Wold-style-declaration -Wmissing-parameter-type -Wempty-body -Wclobbered -Wignored-qualifiers -Wconversion -Wno-sign-conversion -Wvla -Wdouble-promotion -Wno-system-headers -DHAVE_SOCKADDR_IN6_SIN6_SCOPE_ID  -DHAVE_WINDOWS_H -DHAVE_WINSOCK_H -DHAVE_WS2TCPIP_H -DHAVE_WINSOCK2_H -DHAVE_STDIO_H -DHAVE_SYS_STAT_H -DHAVE_SYS_TYPES_H -DHAVE_SYS_UTIME_H -DHAVE_ASSERT_H -DHAVE_ERRNO_H -DHAVE_FCNTL_H -DHAVE_IO_H -DHAVE_LIBGEN_H -DHAVE_LIMITS_H -DHAVE_LOCALE_H -DHAVE_SETJMP_H -DHAVE_SIGNAL_H -DHAVE_STDBOOL_H -DHAVE_STDIO_H -DHAVE_STDLIB_H -DHAVE_STRING_H -DHAVE_TIME_H -DHAVE_PROCESS_H -DHAVE_STDDEF_H -DHAVE_MALLOC_H -DHAVE_MEMORY_H   -o CMakeFiles\cmTC_b77db.dir\CurlTests.c.obj   -c D:\Projets\racedriver\old_driver\curl\CMake\CurlTests.c
D:\Projets\racedriver\old_driver\curl\CMake\CurlTests.c:552:0: warning: ISO C forbids an empty translation unit [-Wpedantic]
Linking C executable cmTC_b77db.exe
"C:\Program Files\CMake\bin\cmake.exe" -E cmake_link_script CMakeFiles\cmTC_b77db.dir\link.txt --verbose=1
"C:\Program Files\CMake\bin\cmake.exe" -E remove -f CMakeFiles\cmTC_b77db.dir/objects.a
D:\mingw-w64\bin\ar.exe cr CMakeFiles\cmTC_b77db.dir/objects.a @CMakeFiles\cmTC_b77db.dir\objects1.rsp
D:\mingw-w64\bin\gcc.exe   -pedantic -Wall -W -Wpointer-arith -Wwrite-strings -Wunused -Wshadow -Winline -Wnested-externs -Wmissing-declarations -Wmissing-prototypes -Wno-long-long -Wfloat-equal -Wno-multichar -Wsign-compare -Wundef -Wno-format-nonliteral -Wendif-labels -Wstrict-prototypes -Wdeclaration-after-statement -Wstrict-aliasing=3 -Wcast-align -Wtype-limits -Wold-style-declaration -Wmissing-parameter-type -Wempty-body -Wclobbered -Wignored-qualifiers -Wconversion -Wno-sign-conversion -Wvla -Wdouble-promotion -Wno-system-headers -DHAVE_SOCKADDR_IN6_SIN6_SCOPE_ID  -DHAVE_WINDOWS_H -DHAVE_WINSOCK_H -DHAVE_WS2TCPIP_H -DHAVE_WINSOCK2_H -DHAVE_STDIO_H -DHAVE_SYS_STAT_H -DHAVE_SYS_TYPES_H -DHAVE_SYS_UTIME_H -DHAVE_ASSERT_H -DHAVE_ERRNO_H -DHAVE_FCNTL_H -DHAVE_IO_H -DHAVE_LIBGEN_H -DHAVE_LIMITS_H -DHAVE_LOCALE_H -DHAVE_SETJMP_H -DHAVE_SIGNAL_H -DHAVE_STDBOOL_H -DHAVE_STDIO_H -DHAVE_STDLIB_H -DHAVE_STRING_H -DHAVE_TIME_H -DHAVE_PROCESS_H -DHAVE_STDDEF_H -DHAVE_MALLOC_H -DHAVE_MEMORY_H    -Wl,--whole-archive CMakeFiles\cmTC_b77db.dir/objects.a -Wl,--no-whole-archive  -o cmTC_b77db.exe -Wl,--out-implib,libcmTC_b77db.dll.a -Wl,--major-image-version,0,--minor-image-version,0 @CMakeFiles\cmTC_b77db.dir\linklibs.rsp
D:/mingw-w64/bin/../lib/gcc/i686-w64-mingw32/7.1.0/../../../../i686-w64-mingw32/lib/../lib/libmingw32.a(lib32_libmingw32_a-crt0_c.o):crt0_c.c:(.text.startup+0x39): undefined reference to `WinMain@16'
collect2.exe: error: ld returned 1 exit status
mingw32-make.exe[1]: *** [CMakeFiles\cmTC_b77db.dir\build.make:99: cmTC_b77db.exe] Error 1
mingw32-make.exe[1]: Leaving directory 'D:/Projets/racedriver/old_driver/curl/CMakeFiles/CMakeTmp'
mingw32-make.exe: *** [Makefile:125: cmTC_b77db/fast] Error 2

Performing Curl Test HAVE_GLIBC_STRERROR_R failed with the following output:
Change Dir: D:/Projets/racedriver/old_driver/curl/CMakeFiles/CMakeTmp

Run Build Command:"D:/mingw-w64/bin/mingw32-make.exe" "cmTC_44f0a/fast"
D:/mingw-w64/bin/mingw32-make.exe -f CMakeFiles\cmTC_44f0a.dir\build.make CMakeFiles/cmTC_44f0a.dir/build
mingw32-make.exe[1]: Entering directory 'D:/Projets/racedriver/old_driver/curl/CMakeFiles/CMakeTmp'
Building C object CMakeFiles/cmTC_44f0a.dir/CurlTests.c.obj
D:\mingw-w64\bin\gcc.exe   -pedantic -Wall -W -Wpointer-arith -Wwrite-strings -Wunused -Wshadow -Winline -Wnested-externs -Wmissing-declarations -Wmissing-prototypes -Wno-long-long -Wfloat-equal -Wno-multichar -Wsign-compare -Wundef -Wno-format-nonliteral -Wendif-labels -Wstrict-prototypes -Wdeclaration-after-statement -Wstrict-aliasing=3 -Wcast-align -Wtype-limits -Wold-style-declaration -Wmissing-parameter-type -Wempty-body -Wclobbered -Wignored-qualifiers -Wconversion -Wno-sign-conversion -Wvla -Wdouble-promotion -Wno-system-headers -DHAVE_GLIBC_STRERROR_R   -o CMakeFiles\cmTC_44f0a.dir\CurlTests.c.obj   -c D:\Projets\racedriver\old_driver\curl\CMake\CurlTests.c
D:\Projets\racedriver\old_driver\curl\CMake\CurlTests.c:511:1: warning: function declaration isn't a prototype [-Wstrict-prototypes]
 main () {
 ^~~~
D:\Projets\racedriver\old_driver\curl\CMake\CurlTests.c: In function 'main':
D:\Projets\racedriver\old_driver\curl\CMake\CurlTests.c:514:5: warning: implicit declaration of function 'strerror_r'; did you mean 'strerror_s'? [-Wimplicit-function-declaration]
     strerror_r(EACCES, buffer, sizeof(buffer));
     ^~~~~~~~~~
     strerror_s
D:\Projets\racedriver\old_driver\curl\CMake\CurlTests.c:514:5: warning: nested extern declaration of 'strerror_r' [-Wnested-externs]
D:\Projets\racedriver\old_driver\curl\CMake\CurlTests.c:514:5: warning: initialization makes pointer from integer without a cast [-Wint-conversion]
Linking C executable cmTC_44f0a.exe
"C:\Program Files\CMake\bin\cmake.exe" -E cmake_link_script CMakeFiles\cmTC_44f0a.dir\link.txt --verbose=1
"C:\Program Files\CMake\bin\cmake.exe" -E remove -f CMakeFiles\cmTC_44f0a.dir/objects.a
D:\mingw-w64\bin\ar.exe cr CMakeFiles\cmTC_44f0a.dir/objects.a @CMakeFiles\cmTC_44f0a.dir\objects1.rsp
D:\mingw-w64\bin\gcc.exe   -pedantic -Wall -W -Wpointer-arith -Wwrite-strings -Wunused -Wshadow -Winline -Wnested-externs -Wmissing-declarations -Wmissing-prototypes -Wno-long-long -Wfloat-equal -Wno-multichar -Wsign-compare -Wundef -Wno-format-nonliteral -Wendif-labels -Wstrict-prototypes -Wdeclaration-after-statement -Wstrict-aliasing=3 -Wcast-align -Wtype-limits -Wold-style-declaration -Wmissing-parameter-type -Wempty-body -Wclobbered -Wignored-qualifiers -Wconversion -Wno-sign-conversion -Wvla -Wdouble-promotion -Wno-system-headers -DHAVE_GLIBC_STRERROR_R    -Wl,--whole-archive CMakeFiles\cmTC_44f0a.dir/objects.a -Wl,--no-whole-archive  -o cmTC_44f0a.exe -Wl,--out-implib,libcmTC_44f0a.dll.a -Wl,--major-image-version,0,--minor-image-version,0 @CMakeFiles\cmTC_44f0a.dir\linklibs.rsp
CMakeFiles\cmTC_44f0a.dir/objects.a(CurlTests.c.obj):CurlTests.c:(.text+0x29): undefined reference to `strerror_r'
collect2.exe: error: ld returned 1 exit status
mingw32-make.exe[1]: *** [CMakeFiles\cmTC_44f0a.dir\build.make:99: cmTC_44f0a.exe] Error 1
mingw32-make.exe[1]: Leaving directory 'D:/Projets/racedriver/old_driver/curl/CMakeFiles/CMakeTmp'
mingw32-make.exe: *** [Makefile:125: cmTC_44f0a/fast] Error 2


Performing Curl Test HAVE_POSIX_STRERROR_R failed with the following output:
Change Dir: D:/Projets/racedriver/old_driver/curl/CMakeFiles/CMakeTmp

Run Build Command:"D:/mingw-w64/bin/mingw32-make.exe" "cmTC_7a1b4/fast"
D:/mingw-w64/bin/mingw32-make.exe -f CMakeFiles\cmTC_7a1b4.dir\build.make CMakeFiles/cmTC_7a1b4.dir/build
mingw32-make.exe[1]: Entering directory 'D:/Projets/racedriver/old_driver/curl/CMakeFiles/CMakeTmp'
Building C object CMakeFiles/cmTC_7a1b4.dir/CurlTests.c.obj
D:\mingw-w64\bin\gcc.exe   -pedantic -Wall -W -Wpointer-arith -Wwrite-strings -Wunused -Wshadow -Winline -Wnested-externs -Wmissing-declarations -Wmissing-prototypes -Wno-long-long -Wfloat-equal -Wno-multichar -Wsign-compare -Wundef -Wno-format-nonliteral -Wendif-labels -Wstrict-prototypes -Wdeclaration-after-statement -Wstrict-aliasing=3 -Wcast-align -Wtype-limits -Wold-style-declaration -Wmissing-parameter-type -Wempty-body -Wclobbered -Wignored-qualifiers -Wconversion -Wno-sign-conversion -Wvla -Wdouble-promotion -Wno-system-headers -DHAVE_POSIX_STRERROR_R   -o CMakeFiles\cmTC_7a1b4.dir\CurlTests.c.obj   -c D:\Projets\racedriver\old_driver\curl\CMake\CurlTests.c
D:\Projets\racedriver\old_driver\curl\CMake\CurlTests.c:525:1: warning: function declaration isn't a prototype [-Wstrict-prototypes]
 main () {
 ^~~~
D:\Projets\racedriver\old_driver\curl\CMake\CurlTests.c: In function 'main':
D:\Projets\racedriver\old_driver\curl\CMake\CurlTests.c:528:5: warning: implicit declaration of function 'strerror_r'; did you mean 'strerror_s'? [-Wimplicit-function-declaration]
     strerror_r(EACCES, buffer, sizeof(buffer));
     ^~~~~~~~~~
     strerror_s
D:\Projets\racedriver\old_driver\curl\CMake\CurlTests.c:528:5: warning: nested extern declaration of 'strerror_r' [-Wnested-externs]
Linking C executable cmTC_7a1b4.exe
"C:\Program Files\CMake\bin\cmake.exe" -E cmake_link_script CMakeFiles\cmTC_7a1b4.dir\link.txt --verbose=1
"C:\Program Files\CMake\bin\cmake.exe" -E remove -f CMakeFiles\cmTC_7a1b4.dir/objects.a
D:\mingw-w64\bin\ar.exe cr CMakeFiles\cmTC_7a1b4.dir/objects.a @CMakeFiles\cmTC_7a1b4.dir\objects1.rsp
D:\mingw-w64\bin\gcc.exe   -pedantic -Wall -W -Wpointer-arith -Wwrite-strings -Wunused -Wshadow -Winline -Wnested-externs -Wmissing-declarations -Wmissing-prototypes -Wno-long-long -Wfloat-equal -Wno-multichar -Wsign-compare -Wundef -Wno-format-nonliteral -Wendif-labels -Wstrict-prototypes -Wdeclaration-after-statement -Wstrict-aliasing=3 -Wcast-align -Wtype-limits -Wold-style-declaration -Wmissing-parameter-type -Wempty-body -Wclobbered -Wignored-qualifiers -Wconversion -Wno-sign-conversion -Wvla -Wdouble-promotion -Wno-system-headers -DHAVE_POSIX_STRERROR_R    -Wl,--whole-archive CMakeFiles\cmTC_7a1b4.dir/objects.a -Wl,--no-whole-archive  -o cmTC_7a1b4.exe -Wl,--out-implib,libcmTC_7a1b4.dll.a -Wl,--major-image-version,0,--minor-image-version,0 @CMakeFiles\cmTC_7a1b4.dir\linklibs.rsp
CMakeFiles\cmTC_7a1b4.dir/objects.a(CurlTests.c.obj):CurlTests.c:(.text+0x29): undefined reference to `strerror_r'
collect2.exe: error: ld returned 1 exit status
mingw32-make.exe[1]: *** [CMakeFiles\cmTC_7a1b4.dir\build.make:99: cmTC_7a1b4.exe] Error 1
mingw32-make.exe[1]: Leaving directory 'D:/Projets/racedriver/old_driver/curl/CMakeFiles/CMakeTmp'
mingw32-make.exe: *** [Makefile:125: cmTC_7a1b4/fast] Error 2


Performing C SOURCE FILE Test HAVE_MSG_NOSIGNAL failed with the following output:
Change Dir: D:/Projets/racedriver/old_driver/curl/CMakeFiles/CMakeTmp

Run Build Command:"D:/mingw-w64/bin/mingw32-make.exe" "cmTC_06a10/fast"
D:/mingw-w64/bin/mingw32-make.exe -f CMakeFiles\cmTC_06a10.dir\build.make CMakeFiles/cmTC_06a10.dir/build
mingw32-make.exe[1]: Entering directory 'D:/Projets/racedriver/old_driver/curl/CMakeFiles/CMakeTmp'
Building C object CMakeFiles/cmTC_06a10.dir/src.c.obj
D:\mingw-w64\bin\gcc.exe -D_WINSOCKAPI_="" @CMakeFiles/cmTC_06a10.dir/includes_C.rsp -pedantic -Wall -W -Wpointer-arith -Wwrite-strings -Wunused -Wshadow -Winline -Wnested-externs -Wmissing-declarations -Wmissing-prototypes -Wno-long-long -Wfloat-equal -Wno-multichar -Wsign-compare -Wundef -Wno-format-nonliteral -Wendif-labels -Wstrict-prototypes -Wdeclaration-after-statement -Wstrict-aliasing=3 -Wcast-align -Wtype-limits -Wold-style-declaration -Wmissing-parameter-type -Wempty-body -Wclobbered -Wignored-qualifiers -Wconversion -Wno-sign-conversion -Wvla -Wdouble-promotion -Wno-system-headers -DHAVE_MSG_NOSIGNAL   -o CMakeFiles\cmTC_06a10.dir\src.c.obj   -c D:\Projets\racedriver\old_driver\curl\CMakeFiles\CMakeTmp\src.c
In file included from D:\Projets\racedriver\old_driver\curl\CMakeFiles\CMakeTmp\src.c:2:0:
D:/mingw-w64/i686-w64-mingw32/include/winsock2.h:15:2: warning: #warning Please include winsock2.h before windows.h [-Wcpp]
 #warning Please include winsock2.h before windows.h
  ^~~~~~~
D:\Projets\racedriver\old_driver\curl\CMakeFiles\CMakeTmp\src.c: In function 'main':
D:\Projets\racedriver\old_driver\curl\CMakeFiles\CMakeTmp\src.c:9:16: error: 'MSG_NOSIGNAL' undeclared (first use in this function); did you mean 'MM_MCISIGNAL'?
     int flag = MSG_NOSIGNAL;
                ^~~~~~~~~~~~
                MM_MCISIGNAL
D:\Projets\racedriver\old_driver\curl\CMakeFiles\CMakeTmp\src.c:9:16: note: each undeclared identifier is reported only once for each function it appears in
mingw32-make.exe[1]: *** [CMakeFiles\cmTC_06a10.dir\build.make:66: CMakeFiles/cmTC_06a10.dir/src.c.obj] Error 1
mingw32-make.exe[1]: Leaving directory 'D:/Projets/racedriver/old_driver/curl/CMakeFiles/CMakeTmp'
mingw32-make.exe: *** [Makefile:125: cmTC_06a10/fast] Error 2

Source file was:
#undef inline
#include <winsock2.h>
#include <windows.h>
#include <winsock.h>
#ifndef WIN32_LEAN_AND_MEAN
#define WIN32_LEAN_AND_MEAN
#endif
  int main(void) {
    int flag = MSG_NOSIGNAL;
    (void)flag;
    return 0;
  }
Performing C SOURCE FILE Test HAVE_POLL_FINE failed with the following output:
Change Dir: D:/Projets/racedriver/old_driver/curl/CMakeFiles/CMakeTmp

Run Build Command:"D:/mingw-w64/bin/mingw32-make.exe" "cmTC_bf0c3/fast"
D:/mingw-w64/bin/mingw32-make.exe -f CMakeFiles\cmTC_bf0c3.dir\build.make CMakeFiles/cmTC_bf0c3.dir/build
mingw32-make.exe[1]: Entering directory 'D:/Projets/racedriver/old_driver/curl/CMakeFiles/CMakeTmp'
Building C object CMakeFiles/cmTC_bf0c3.dir/src.c.obj
D:\mingw-w64\bin\gcc.exe -D_WINSOCKAPI_="" @CMakeFiles/cmTC_bf0c3.dir/includes_C.rsp -pedantic -Wall -W -Wpointer-arith -Wwrite-strings -Wunused -Wshadow -Winline -Wnested-externs -Wmissing-declarations -Wmissing-prototypes -Wno-long-long -Wfloat-equal -Wno-multichar -Wsign-compare -Wundef -Wno-format-nonliteral -Wendif-labels -Wstrict-prototypes -Wdeclaration-after-statement -Wstrict-aliasing=3 -Wcast-align -Wtype-limits -Wold-style-declaration -Wmissing-parameter-type -Wempty-body -Wclobbered -Wignored-qualifiers -Wconversion -Wno-sign-conversion -Wvla -Wdouble-promotion -Wno-system-headers -DHAVE_POLL_FINE   -o CMakeFiles\cmTC_bf0c3.dir\src.c.obj   -c D:\Projets\racedriver\old_driver\curl\CMakeFiles\CMakeTmp\src.c
D:\Projets\racedriver\old_driver\curl\CMakeFiles\CMakeTmp\src.c: In function 'main':
D:\Projets\racedriver\old_driver\curl\CMakeFiles\CMakeTmp\src.c:6:14: warning: implicit declaration of function 'poll' [-Wimplicit-function-declaration]
       return poll((void *)0, 0, 10 /*ms*/);
              ^~~~
D:\Projets\racedriver\old_driver\curl\CMakeFiles\CMakeTmp\src.c:6:14: warning: nested extern declaration of 'poll' [-Wnested-externs]
Linking C executable cmTC_bf0c3.exe
"C:\Program Files\CMake\bin\cmake.exe" -E cmake_link_script CMakeFiles\cmTC_bf0c3.dir\link.txt --verbose=1
"C:\Program Files\CMake\bin\cmake.exe" -E remove -f CMakeFiles\cmTC_bf0c3.dir/objects.a
D:\mingw-w64\bin\ar.exe cr CMakeFiles\cmTC_bf0c3.dir/objects.a @CMakeFiles\cmTC_bf0c3.dir\objects1.rsp
D:\mingw-w64\bin\gcc.exe   -pedantic -Wall -W -Wpointer-arith -Wwrite-strings -Wunused -Wshadow -Winline -Wnested-externs -Wmissing-declarations -Wmissing-prototypes -Wno-long-long -Wfloat-equal -Wno-multichar -Wsign-compare -Wundef -Wno-format-nonliteral -Wendif-labels -Wstrict-prototypes -Wdeclaration-after-statement -Wstrict-aliasing=3 -Wcast-align -Wtype-limits -Wold-style-declaration -Wmissing-parameter-type -Wempty-body -Wclobbered -Wignored-qualifiers -Wconversion -Wno-sign-conversion -Wvla -Wdouble-promotion -Wno-system-headers -DHAVE_POLL_FINE    -Wl,--whole-archive CMakeFiles\cmTC_bf0c3.dir/objects.a -Wl,--no-whole-archive  -o cmTC_bf0c3.exe -Wl,--out-implib,libcmTC_bf0c3.dll.a -Wl,--major-image-version,0,--minor-image-version,0 @CMakeFiles\cmTC_bf0c3.dir\linklibs.rsp
CMakeFiles\cmTC_bf0c3.dir/objects.a(src.c.obj):src.c:(.text+0x26): undefined reference to `poll'
collect2.exe: error: ld returned 1 exit status
mingw32-make.exe[1]: *** [CMakeFiles\cmTC_bf0c3.dir\build.make:100: cmTC_bf0c3.exe] Error 1
mingw32-make.exe[1]: Leaving directory 'D:/Projets/racedriver/old_driver/curl/CMakeFiles/CMakeTmp'
mingw32-make.exe: *** [Makefile:125: cmTC_bf0c3/fast] Error 2

Return value: 1
Source file was:

    #ifdef HAVE_SYS_POLL_H
    #  include <sys/poll.h>
    #endif
    int main(void) {
      return poll((void *)0, 0, 10 /*ms*/);
    }
